#
# There is insufficient memory for the Java Runtime Environment to continue.
# Native memory allocation (malloc) failed to allocate 726496 bytes for Chunk::new
# Possible reasons:
#   The system is out of physical RAM or swap space
#   The process is running with CompressedOops enabled, and the Java Heap may be blocking the growth of the native heap
# Possible solutions:
#   Reduce memory load on the system
#   Increase physical memory or swap space
#   Check if swap backing store is full
#   Decrease Java heap size (-Xmx/-Xms)
#   Decrease number of Java threads
#   Decrease Java thread stack sizes (-Xss)
#   Set larger code cache with -XX:ReservedCodeCacheSize=
#   JVM is running with Zero Based Compressed Oops mode in which the Java heap is
#     placed in the first 32GB address space. The Java Heap base address is the
#     maximum limit for the native heap growth. Please use -XX:HeapBaseMinAddress
#     to set the Java Heap base and to place the Java Heap above 32GB virtual address.
# This output file may be truncated or incomplete.
#
#  Out of Memory Error (allocation.cpp:389), pid=20612, tid=0x0000000000002d8c
#
# JRE version: OpenJDK Runtime Environment (8.0_252-b09) (build 1.8.0_252-b09)
# Java VM: OpenJDK 64-Bit Server VM (25.252-b09 mixed mode windows-amd64 compressed oops)
# Failed to write core dump. Minidumps are not enabled by default on client versions of Windows
#

---------------  T H R E A D  ---------------

Current thread (0x000000001fd5f800):  JavaThread "C2 CompilerThread5" daemon [_thread_in_native, id=11660, stack(0x0000000020780000,0x0000000020880000)]

Stack: [0x0000000020780000,0x0000000020880000]
[error occurred during error reporting (printing stack bounds), id 0xc0000005]

Native frames: (J=compiled Java code, j=interpreted, Vv=VM code, C=native code)


Current CompileTask:
C2:   3476 3876   !   4       java.net.URL::<init> (543 bytes)


---------------  P R O C E S S  ---------------

Java Threads: ( => current thread )
  0x00000000244b7800 JavaThread "IOManager reader thread #1" daemon [_thread_blocked, id=16840, stack(0x0000000028740000,0x0000000028840000)]
  0x00000000244ad000 JavaThread "IOManager writer thread #1" daemon [_thread_blocked, id=10216, stack(0x0000000028640000,0x0000000028740000)]
  0x00000000244ac800 JavaThread "Timer-2" daemon [_thread_blocked, id=20676, stack(0x0000000028540000,0x0000000028640000)]
  0x00000000244b1000 JavaThread "Timer-1" daemon [_thread_blocked, id=21328, stack(0x0000000028440000,0x0000000028540000)]
  0x00000000244b0000 JavaThread "BLOB Server listener at 51091" daemon [_thread_in_native, id=18060, stack(0x0000000028340000,0x0000000028440000)]
  0x00000000244af800 JavaThread "Timer-0" daemon [_thread_blocked, id=16080, stack(0x0000000028240000,0x0000000028340000)]
  0x00000000244b3000 JavaThread "flink-metrics-akka.remote.default-remote-dispatcher-13" [_thread_blocked, id=22180, stack(0x0000000026f70000,0x0000000027070000)]
  0x00000000244ae000 JavaThread "flink-metrics-akka.remote.default-remote-dispatcher-12" [_thread_blocked, id=22428, stack(0x0000000026e70000,0x0000000026f70000)]
  0x00000000244ab000 JavaThread "New I/O server boss #6" [_thread_in_native, id=18624, stack(0x0000000026d70000,0x0000000026e70000)]
  0x00000000244ae800 JavaThread "New I/O worker #5" [_thread_in_native, id=12760, stack(0x0000000026c70000,0x0000000026d70000)]
  0x00000000244aa000 JavaThread "New I/O worker #4" [_thread_in_native, id=16596, stack(0x0000000026b70000,0x0000000026c70000)]
  0x00000000244ab800 JavaThread "New I/O boss #3" [_thread_in_native, id=19688, stack(0x0000000026a70000,0x0000000026b70000)]
  0x00000000244a9800 JavaThread "New I/O worker #2" [_thread_in_native, id=3148, stack(0x0000000026970000,0x0000000026a70000)]
  0x000000001fd78800 JavaThread "New I/O worker #1" [_thread_in_native, id=5880, stack(0x0000000026870000,0x0000000026970000)]
  0x000000001fd7d000 JavaThread "flink-metrics-akka.remote.default-remote-dispatcher-4" [_thread_blocked, id=20180, stack(0x0000000026570000,0x0000000026670000)]
  0x000000001fd7c800 JavaThread "flink-metrics-akka.remote.default-remote-dispatcher-3" [_thread_blocked, id=18192, stack(0x0000000026470000,0x0000000026570000)]
  0x000000001fd77000 JavaThread "flink-metrics-2" [_thread_blocked, id=16648, stack(0x0000000026370000,0x0000000026470000)]
  0x000000001fd7e000 JavaThread "flink-metrics-scheduler-1" [_thread_blocked, id=13536, stack(0x0000000025c00000,0x0000000025d00000)]
  0x00000000240eb800 JavaThread "flink-akka.actor.default-dispatcher-3" [_thread_blocked, id=11172, stack(0x0000000026070000,0x0000000026170000)]
  0x0000000024394800 JavaThread "flink-akka.actor.default-dispatcher-2" [_thread_blocked, id=19216, stack(0x0000000025d70000,0x0000000025e70000)]
  0x000000002303f800 JavaThread "flink-scheduler-1" [_thread_blocked, id=3288, stack(0x0000000025b00000,0x0000000025c00000)]
  0x000000001fe31000 JavaThread "Service Thread" daemon [_thread_blocked, id=9896, stack(0x0000000020f80000,0x0000000021080000)]
  0x000000001fd78000 JavaThread "C1 CompilerThread11" daemon [_thread_blocked, id=8572, stack(0x0000000020e80000,0x0000000020f80000)]
  0x000000001fd7b800 JavaThread "C1 CompilerThread10" daemon [_thread_blocked, id=17200, stack(0x0000000020d80000,0x0000000020e80000)]
  0x000000001fd7b000 JavaThread "C1 CompilerThread9" daemon [_thread_blocked, id=20420, stack(0x0000000020c80000,0x0000000020d80000)]
  0x000000001fd7a000 JavaThread "C1 CompilerThread8" daemon [_thread_blocked, id=22104, stack(0x0000000020a80000,0x0000000020b80000)]
  0x000000001fd79800 JavaThread "C2 CompilerThread7" daemon [_thread_blocked, id=10908, stack(0x0000000020980000,0x0000000020a80000)]
  0x000000001fd6a800 JavaThread "C2 CompilerThread6" daemon [_thread_in_native, id=19656, stack(0x0000000020880000,0x0000000020980000)]
=>0x000000001fd5f800 JavaThread "C2 CompilerThread5" daemon [_thread_in_native, id=11660, stack(0x0000000020780000,0x0000000020880000)]
  0x000000001fd5f000 JavaThread "C2 CompilerThread4" daemon [_thread_blocked, id=14008, stack(0x0000000020680000,0x0000000020780000)]
  0x000000001fd56000 JavaThread "C2 CompilerThread3" daemon [_thread_in_native, id=20168, stack(0x0000000020580000,0x0000000020680000)]
  0x000000001fd55800 JavaThread "C2 CompilerThread2" daemon [_thread_blocked, id=11864, stack(0x0000000020480000,0x0000000020580000)]
  0x000000001fd54800 JavaThread "C2 CompilerThread1" daemon [_thread_blocked, id=20084, stack(0x0000000020380000,0x0000000020480000)]
  0x000000001fd52000 JavaThread "C2 CompilerThread0" daemon [_thread_blocked, id=21652, stack(0x0000000020280000,0x0000000020380000)]
  0x000000001fd4f800 JavaThread "Monitor Ctrl-Break" daemon [_thread_in_native, id=22448, stack(0x0000000020180000,0x0000000020280000)]
  0x000000001de3f000 JavaThread "Attach Listener" daemon [_thread_blocked, id=16296, stack(0x000000001f880000,0x000000001f980000)]
  0x000000001de3e000 JavaThread "Signal Dispatcher" daemon [_thread_blocked, id=5416, stack(0x000000001f780000,0x000000001f880000)]
  0x000000001c3aa800 JavaThread "Finalizer" daemon [_thread_blocked, id=20196, stack(0x000000001f680000,0x000000001f780000)]
  0x000000001de16000 JavaThread "Reference Handler" daemon [_thread_blocked, id=13348, stack(0x000000001f580000,0x000000001f680000)]
  0x0000000002693000 JavaThread "main" [_thread_in_vm, id=4088, stack(0x0000000002520000,0x0000000002620000)]

Other Threads:
  0x000000001ddf5800 VMThread [stack: 0x000000001f480000,0x000000001f580000] [id=20120]
  0x000000001fcfd800 WatcherThread [stack: 0x0000000021080000,0x0000000021180000] [id=5080]

VM state:not at safepoint (normal execution)

VM Mutex/Monitor currently owned by a thread: None

heap address: 0x00000006ca000000, size: 3936 MB, Compressed Oops mode: Zero based, Oop shift amount: 3
Narrow klass base: 0x0000000000000000, Narrow klass shift: 3
Compressed class space size: 1073741824 Address: 0x00000007c0000000

Heap:
 PSYoungGen      total 100352K, used 83556K [0x000000076e000000, 0x0000000774e80000, 0x00000007c0000000)
  eden space 90112K, 92% used [0x000000076e000000,0x0000000773199040,0x0000000773800000)
  from space 10240K, 0% used [0x0000000774200000,0x0000000774200000,0x0000000774c00000)
  to   space 10240K, 0% used [0x0000000773800000,0x0000000773800000,0x0000000774200000)
 ParOldGen       total 171520K, used 13884K [0x00000006ca000000, 0x00000006d4780000, 0x000000076e000000)
  object space 171520K, 8% used [0x00000006ca000000,0x00000006cad8f060,0x00000006d4780000)
 Metaspace       used 42227K, capacity 44618K, committed 44800K, reserved 1087488K
  class space    used 5781K, capacity 6059K, committed 6144K, reserved 1048576K

Card table byte_map: [0x0000000011d20000,0x00000000124e0000] byte_map_base: 0x000000000e6d0000

Marking Bits: (ParMarkBitMap*) 0x0000000055ca50b0
 Begin Bits: [0x0000000013700000, 0x0000000017480000)
 End Bits:   [0x0000000017480000, 0x000000001b200000)

Polling page: 0x0000000000500000

CodeCache: size=245760Kb used=13794Kb max_used=13803Kb free=231965Kb
 bounds [0x0000000002960000, 0x00000000036e0000, 0x0000000011960000]
 total_blobs=4397 nmethods=3910 adapters=396
 compilation: enabled

Compilation events (10 events):
Event: 3.451 Thread 0x000000001fd7b800 nmethod 3908 0x00000000036d8cd0 code [0x00000000036d8ea0, 0x00000000036d9508]
Event: 3.452 Thread 0x000000001fd7a000 nmethod 3909 0x00000000036d9850 code [0x00000000036d9a80, 0x00000000036da6a8]
Event: 3.452 Thread 0x000000001fd78000 nmethod 3906 0x00000000036dac50 code [0x00000000036daee0, 0x00000000036dbc58]
Event: 3.465 Thread 0x000000001fd5f000 3910       4       java.nio.ByteBuffer::<init> (45 bytes)
Event: 3.466 Thread 0x000000001fd5f000 nmethod 3910 0x00000000036df310 code [0x00000000036df460, 0x00000000036df678]
Event: 3.470 Thread 0x000000001fd54800 3911       4       java.util.ArrayDeque::add (7 bytes)
Event: 3.470 Thread 0x000000001fd56000 3912       4       java.util.jar.Attributes::getValue (9 bytes)
Event: 3.471 Thread 0x000000001fd54800 nmethod 3911 0x00000000036df950 code [0x00000000036dfaa0, 0x00000000036dfbd8]
Event: 3.472 Thread 0x000000001fd7b000 3913       1       akka.actor.ActorCell$::emptyCancellable (5 bytes)
Event: 3.472 Thread 0x000000001fd7b000 nmethod 3913 0x00000000036df050 code [0x00000000036df1a0, 0x00000000036df2b0]

GC Heap History (10 events):
Event: 1.326 GC heap before
{Heap before GC invocations=2 (full 0):
 PSYoungGen      total 73728K, used 38229K [0x000000076e000000, 0x0000000773200000, 0x00000007c0000000)
  eden space 63488K, 44% used [0x000000076e000000,0x000000076fb5e130,0x0000000771e00000)
  from space 10240K, 99% used [0x0000000771e00000,0x00000007727f7670,0x0000000772800000)
  to   space 10240K, 0% used [0x0000000772800000,0x0000000772800000,0x0000000773200000)
 ParOldGen       total 167936K, used 16K [0x00000006ca000000, 0x00000006d4400000, 0x000000076e000000)
  object space 167936K, 0% used [0x00000006ca000000,0x00000006ca004000,0x00000006d4400000)
 Metaspace       used 20705K, capacity 21286K, committed 21296K, reserved 1067008K
  class space    used 2815K, capacity 2934K, committed 2944K, reserved 1048576K
Event: 1.330 GC heap after
Heap after GC invocations=2 (full 0):
 PSYoungGen      total 73728K, used 7457K [0x000000076e000000, 0x0000000773200000, 0x00000007c0000000)
  eden space 63488K, 0% used [0x000000076e000000,0x000000076e000000,0x0000000771e00000)
  from space 10240K, 72% used [0x0000000772800000,0x0000000772f487e8,0x0000000773200000)
  to   space 10240K, 0% used [0x0000000771e00000,0x0000000771e00000,0x0000000772800000)
 ParOldGen       total 167936K, used 24K [0x00000006ca000000, 0x00000006d4400000, 0x000000076e000000)
  object space 167936K, 0% used [0x00000006ca000000,0x00000006ca006000,0x00000006d4400000)
 Metaspace       used 20705K, capacity 21286K, committed 21296K, reserved 1067008K
  class space    used 2815K, capacity 2934K, committed 2944K, reserved 1048576K
}
Event: 1.330 GC heap before
{Heap before GC invocations=3 (full 1):
 PSYoungGen      total 73728K, used 7457K [0x000000076e000000, 0x0000000773200000, 0x00000007c0000000)
  eden space 63488K, 0% used [0x000000076e000000,0x000000076e000000,0x0000000771e00000)
  from space 10240K, 72% used [0x0000000772800000,0x0000000772f487e8,0x0000000773200000)
  to   space 10240K, 0% used [0x0000000771e00000,0x0000000771e00000,0x0000000772800000)
 ParOldGen       total 167936K, used 24K [0x00000006ca000000, 0x00000006d4400000, 0x000000076e000000)
  object space 167936K, 0% used [0x00000006ca000000,0x00000006ca006000,0x00000006d4400000)
 Metaspace       used 20705K, capacity 21286K, committed 21296K, reserved 1067008K
  class space    used 2815K, capacity 2934K, committed 2944K, reserved 1048576K
Event: 1.345 GC heap after
Heap after GC invocations=3 (full 1):
 PSYoungGen      total 73728K, used 0K [0x000000076e000000, 0x0000000773200000, 0x00000007c0000000)
  eden space 63488K, 0% used [0x000000076e000000,0x000000076e000000,0x0000000771e00000)
  from space 10240K, 0% used [0x0000000772800000,0x0000000772800000,0x0000000773200000)
  to   space 10240K, 0% used [0x0000000771e00000,0x0000000771e00000,0x0000000772800000)
 ParOldGen       total 104960K, used 7094K [0x00000006ca000000, 0x00000006d0680000, 0x000000076e000000)
  object space 104960K, 6% used [0x00000006ca000000,0x00000006ca6ed850,0x00000006d0680000)
 Metaspace       used 20705K, capacity 21286K, committed 21296K, reserved 1067008K
  class space    used 2815K, capacity 2934K, committed 2944K, reserved 1048576K
}
Event: 2.226 GC heap before
{Heap before GC invocations=4 (full 1):
 PSYoungGen      total 73728K, used 63488K [0x000000076e000000, 0x0000000773200000, 0x00000007c0000000)
  eden space 63488K, 100% used [0x000000076e000000,0x0000000771e00000,0x0000000771e00000)
  from space 10240K, 0% used [0x0000000772800000,0x0000000772800000,0x0000000773200000)
  to   space 10240K, 0% used [0x0000000771e00000,0x0000000771e00000,0x0000000772800000)
 ParOldGen       total 104960K, used 7094K [0x00000006ca000000, 0x00000006d0680000, 0x000000076e000000)
  object space 104960K, 6% used [0x00000006ca000000,0x00000006ca6ed850,0x00000006d0680000)
 Metaspace       used 28043K, capacity 29314K, committed 29440K, reserved 1075200K
  class space    used 3908K, capacity 4096K, committed 4096K, reserved 1048576K
Event: 2.230 GC heap after
Heap after GC invocations=4 (full 1):
 PSYoungGen      total 73728K, used 9422K [0x000000076e000000, 0x0000000774c00000, 0x00000007c0000000)
  eden space 63488K, 0% used [0x000000076e000000,0x000000076e000000,0x0000000771e00000)
  from space 10240K, 92% used [0x0000000771e00000,0x0000000772733830,0x0000000772800000)
  to   space 10240K, 0% used [0x0000000774200000,0x0000000774200000,0x0000000774c00000)
 ParOldGen       total 104960K, used 7102K [0x00000006ca000000, 0x00000006d0680000, 0x000000076e000000)
  object space 104960K, 6% used [0x00000006ca000000,0x00000006ca6ef850,0x00000006d0680000)
 Metaspace       used 28043K, capacity 29314K, committed 29440K, reserved 1075200K
  class space    used 3908K, capacity 4096K, committed 4096K, reserved 1048576K
}
Event: 2.617 GC heap before
{Heap before GC invocations=5 (full 1):
 PSYoungGen      total 73728K, used 49540K [0x000000076e000000, 0x0000000774c00000, 0x00000007c0000000)
  eden space 63488K, 63% used [0x000000076e000000,0x000000077072d950,0x0000000771e00000)
  from space 10240K, 92% used [0x0000000771e00000,0x0000000772733830,0x0000000772800000)
  to   space 10240K, 0% used [0x0000000774200000,0x0000000774200000,0x0000000774c00000)
 ParOldGen       total 104960K, used 7102K [0x00000006ca000000, 0x00000006d0680000, 0x000000076e000000)
  object space 104960K, 6% used [0x00000006ca000000,0x00000006ca6ef850,0x00000006d0680000)
 Metaspace       used 33685K, capacity 35340K, committed 35496K, reserved 1079296K
  class space    used 4543K, capacity 4763K, committed 4864K, reserved 1048576K
Event: 2.623 GC heap after
Heap after GC invocations=5 (full 1):
 PSYoungGen      total 100352K, used 10117K [0x000000076e000000, 0x0000000774e80000, 0x00000007c0000000)
  eden space 90112K, 0% used [0x000000076e000000,0x000000076e000000,0x0000000773800000)
  from space 10240K, 98% used [0x0000000774200000,0x0000000774be1490,0x0000000774c00000)
  to   space 10240K, 0% used [0x0000000773800000,0x0000000773800000,0x0000000774200000)
 ParOldGen       total 104960K, used 7110K [0x00000006ca000000, 0x00000006d0680000, 0x000000076e000000)
  object space 104960K, 6% used [0x00000006ca000000,0x00000006ca6f1850,0x00000006d0680000)
 Metaspace       used 33685K, capacity 35340K, committed 35496K, reserved 1079296K
  class space    used 4543K, capacity 4763K, committed 4864K, reserved 1048576K
}
Event: 2.623 GC heap before
{Heap before GC invocations=6 (full 2):
 PSYoungGen      total 100352K, used 10117K [0x000000076e000000, 0x0000000774e80000, 0x00000007c0000000)
  eden space 90112K, 0% used [0x000000076e000000,0x000000076e000000,0x0000000773800000)
  from space 10240K, 98% used [0x0000000774200000,0x0000000774be1490,0x0000000774c00000)
  to   space 10240K, 0% used [0x0000000773800000,0x0000000773800000,0x0000000774200000)
 ParOldGen       total 104960K, used 7110K [0x00000006ca000000, 0x00000006d0680000, 0x000000076e000000)
  object space 104960K, 6% used [0x00000006ca000000,0x00000006ca6f1850,0x00000006d0680000)
 Metaspace       used 33685K, capacity 35340K, committed 35496K, reserved 1079296K
  class space    used 4543K, capacity 4763K, committed 4864K, reserved 1048576K
Event: 2.646 GC heap after
Heap after GC invocations=6 (full 2):
 PSYoungGen      total 100352K, used 0K [0x000000076e000000, 0x0000000774e80000, 0x00000007c0000000)
  eden space 90112K, 0% used [0x000000076e000000,0x000000076e000000,0x0000000773800000)
  from space 10240K, 0% used [0x0000000774200000,0x0000000774200000,0x0000000774c00000)
  to   space 10240K, 0% used [0x0000000773800000,0x0000000773800000,0x0000000774200000)
 ParOldGen       total 171520K, used 13884K [0x00000006ca000000, 0x00000006d4780000, 0x000000076e000000)
  object space 171520K, 8% used [0x00000006ca000000,0x00000006cad8f060,0x00000006d4780000)
 Metaspace       used 33685K, capacity 35340K, committed 35496K, reserved 1079296K
  class space    used 4543K, capacity 4763K, committed 4864K, reserved 1048576K
}

Deoptimization events (10 events):
Event: 2.977 Thread 0x000000001fd7d000 Uncommon trap: reason=class_check action=maybe_recompile pc=0x000000000338be50 method=java.util.HashMap.putVal(ILjava/lang/Object;Ljava/lang/Object;ZZ)Ljava/lang/Object; @ 253
Event: 2.977 Thread 0x000000001fd7d000 Uncommon trap: reason=class_check action=maybe_recompile pc=0x0000000003441114 method=java.util.HashMap.putVal(ILjava/lang/Object;Ljava/lang/Object;ZZ)Ljava/lang/Object; @ 253
Event: 3.200 Thread 0x000000001fd7d000 Uncommon trap: reason=unstable_if action=reinterpret pc=0x0000000002d96810 method=java.io.WinNTFileSystem.normalize(Ljava/lang/String;)Ljava/lang/String; @ 128
Event: 3.275 Thread 0x000000001fd7c800 Uncommon trap: reason=unstable_if action=reinterpret pc=0x00000000034ba940 method=java.util.WeakHashMap.remove(Ljava/lang/Object;)Ljava/lang/Object; @ 94
Event: 3.332 Thread 0x0000000002693000 Uncommon trap: reason=unstable_if action=reinterpret pc=0x0000000003236230 method=java.util.jar.JarFile.maybeInstantiateVerifier()V @ 4
Event: 3.346 Thread 0x0000000002693000 Uncommon trap: reason=unstable_if action=reinterpret pc=0x000000000342710c method=java.util.HashMap.getNode(ILjava/lang/Object;)Ljava/util/HashMap$Node; @ 129
Event: 3.346 Thread 0x0000000002693000 Uncommon trap: reason=bimorphic action=maybe_recompile pc=0x00000000035fcb20 method=java.util.HashMap.putVal(ILjava/lang/Object;Ljava/lang/Object;ZZ)Ljava/lang/Object; @ 203
Event: 3.346 Thread 0x0000000002693000 Uncommon trap: reason=unstable_if action=reinterpret pc=0x00000000032b3e1c method=java.util.HashMap.getNode(ILjava/lang/Object;)Ljava/util/HashMap$Node; @ 129
Event: 3.376 Thread 0x0000000002693000 Uncommon trap: reason=unstable_if action=reinterpret pc=0x000000000359f910 method=java.util.Arrays.equals([Ljava/lang/Object;[Ljava/lang/Object;)Z @ 23
Event: 3.391 Thread 0x0000000002693000 Uncommon trap: reason=unstable_if action=reinterpret pc=0x0000000002e511fc method=jdk.internal.org.objectweb.asm.Type.getArgumentsAndReturnSizes(Ljava/lang/String;)I @ 41

Classes redefined (0 events):
No events

Internal exceptions (10 events):
Event: 3.274 Thread 0x000000001fd7d000 Exception <a 'java/lang/NoSuchMethodError': java.lang.Object.$anonfun$zipWith$2(Lscala/Function2;Ljava/lang/Object;Ljava/lang/Object;)Ljava/lang/Object;> (0x0000000771790700) thrown at [C:\ws\UTv\Corretto8Src\installers\windows\zip\corretto-build\buildRoo
Event: 3.276 Thread 0x000000001fd7d000 Exception <a 'java/lang/NoSuchMethodError': java.lang.Object.$anonfun$recover$1(Lscala/PartialFunction;Lscala/util/Try;)Lscala/util/Try;> (0x00000007717b3790) thrown at [C:\ws\UTv\Corretto8Src\installers\windows\zip\corretto-build\buildRoot\src\hotspot\sr
Event: 3.286 Thread 0x000000001fd7c800 Exception <a 'java/lang/NoSuchMethodError': java.lang.Object.$anonfun$foreach$1$adapted(Lscala/Function1;Lscala/util/Try;)Ljava/lang/Object;> (0x00000007719c08f0) thrown at [C:\ws\UTv\Corretto8Src\installers\windows\zip\corretto-build\buildRoot\src\hotspo
Event: 3.293 Thread 0x000000001fd77000 Exception <a 'java/lang/NoSuchMethodError': java.lang.Object.$anonfun$mapTo$1(Ljava/lang/Class;Ljava/lang/Object;)Ljava/lang/Object;> (0x0000000771a77588) thrown at [C:\ws\UTv\Corretto8Src\installers\windows\zip\corretto-build\buildRoot\src\hotspot\src\sh
Event: 3.296 Thread 0x000000001fd7c800 Exception <a 'java/lang/NoSuchMethodError': java.lang.Object.$anonfun$reduceLeft$1$adapted(Lscala/Function2;Lscala/runtime/BooleanRef;Lscala/runtime/ObjectRef;Ljava/lang/Object;)Ljava/lang/Object;> (0x00000007719f4c50) thrown at [C:\ws\UTv\Corretto8Src\in
Event: 3.298 Thread 0x000000001fd7c800 Exception <a 'java/lang/NoSuchMethodError': java.lang.Object.$anonfun$andThen$2(Lscala/util/Try;)Lscala/util/Try;> (0x00000007719fcbe8) thrown at [C:\ws\UTv\Corretto8Src\installers\windows\zip\corretto-build\buildRoot\src\hotspot\src\share\vm\interpreter\
Event: 3.299 Thread 0x000000001fd7c800 Exception <a 'java/lang/NoSuchMethodError': java.lang.Object.$anonfun$groupBy$1(Lscala/collection/TraversableLike;Lscala/Function1;Lscala/collection/mutable/Map;Ljava/lang/Object;)Lscala/collection/mutable/Builder;> (0x0000000771b14a10) thrown at [C:\ws\U
Event: 3.299 Thread 0x000000001fd7c800 Exception <a 'java/lang/NoSuchMethodError': java.lang.Object.$anonfun$groupBy$2(Lscala/collection/TraversableLike;)Lscala/collection/mutable/Builder;> (0x0000000771b1b390) thrown at [C:\ws\UTv\Corretto8Src\installers\windows\zip\corretto-build\buildRoot\s
Event: 3.300 Thread 0x000000001fd7c800 Exception <a 'java/lang/NoSuchMethodError': java.lang.Object.$anonfun$groupBy$3$adapted(Lscala/Tuple2;)Ljava/lang/Object;> (0x0000000771b20650) thrown at [C:\ws\UTv\Corretto8Src\installers\windows\zip\corretto-build\buildRoot\src\hotspot\src\share\vm\inte
Event: 3.300 Thread 0x000000001fd7c800 Exception <a 'java/lang/NoSuchMethodError': java.lang.Object.$anonfun$groupBy$4(Lscala/collection/mutable/Builder;Lscala/Tuple2;)Lscala/collection/mutable/Builder;> (0x0000000771b24570) thrown at [C:\ws\UTv\Corretto8Src\installers\windows\zip\corretto-bui

Events (10 events):
Event: 3.473 loading class org/apache/flink/runtime/io/network/partition/ResultPartition
Event: 3.473 loading class org/apache/flink/runtime/io/network/partition/ResultPartition done
Event: 3.473 loading class org/apache/flink/runtime/io/network/api/writer/ResultPartitionWriter
Event: 3.473 loading class org/apache/flink/runtime/io/network/api/writer/ResultPartitionWriter done
Event: 3.474 loading class org/apache/flink/runtime/io/network/buffer/BufferPoolOwner
Event: 3.474 loading class org/apache/flink/runtime/io/network/buffer/BufferPoolOwner done
Event: 3.474 loading class org/apache/flink/runtime/io/network/partition/ReleaseOnConsumptionResultPartition
Event: 3.474 loading class org/apache/flink/runtime/io/network/partition/ReleaseOnConsumptionResultPartition done
Event: 3.475 loading class org/apache/flink/runtime/io/network/partition/consumer/SingleInputGateFactory
Event: 3.475 loading class org/apache/flink/runtime/io/network/partition/consumer/SingleInputGateFactory done


Dynamic libraries:
0x00007ff62e3f0000 - 0x00007ff62e425000 	C:\Users\zmlxd\.jdks\corretto-1.8.0_252\bin\java.exe
0x00007ffce52a0000 - 0x00007ffce5490000 	C:\Windows\SYSTEM32\ntdll.dll
0x00007ffce4840000 - 0x00007ffce48f2000 	C:\Windows\System32\KERNEL32.DLL
0x00007ffce2250000 - 0x00007ffce24f4000 	C:\Windows\System32\KERNELBASE.dll
0x00007ffce4ed0000 - 0x00007ffce4f73000 	C:\Windows\System32\ADVAPI32.dll
0x00007ffce49a0000 - 0x00007ffce4a3e000 	C:\Windows\System32\msvcrt.dll
0x00007ffce3f50000 - 0x00007ffce3fe7000 	C:\Windows\System32\sechost.dll
0x00007ffce3520000 - 0x00007ffce3640000 	C:\Windows\System32\RPCRT4.dll
0x00007ffce36b0000 - 0x00007ffce3844000 	C:\Windows\System32\USER32.dll
0x00007ffce2500000 - 0x00007ffce2521000 	C:\Windows\System32\win32u.dll
0x00007ffce5050000 - 0x00007ffce5076000 	C:\Windows\System32\GDI32.dll
0x00007ffce2530000 - 0x00007ffce26c5000 	C:\Windows\System32\gdi32full.dll
0x00007ffce30b0000 - 0x00007ffce314e000 	C:\Windows\System32\msvcp_win.dll
0x00007ffce3220000 - 0x00007ffce331a000 	C:\Windows\System32\ucrtbase.dll
0x00007ffcd7cf0000 - 0x00007ffcd7f74000 	C:\Windows\WinSxS\amd64_microsoft.windows.common-controls_6595b64144ccf1df_6.0.18362.900_none_e6beb9d913147d17\COMCTL32.dll
0x00007ffce4a50000 - 0x00007ffce4d85000 	C:\Windows\System32\combase.dll
0x00007ffce31a0000 - 0x00007ffce3220000 	C:\Windows\System32\bcryptPrimitives.dll
0x00007ffce5100000 - 0x00007ffce512e000 	C:\Windows\System32\IMM32.DLL
0x0000000057160000 - 0x0000000057232000 	C:\Users\zmlxd\.jdks\corretto-1.8.0_252\jre\bin\msvcr100.dll
0x00000000554d0000 - 0x0000000055d21000 	C:\Users\zmlxd\.jdks\corretto-1.8.0_252\jre\bin\server\jvm.dll
0x00007ffce4a40000 - 0x00007ffce4a48000 	C:\Windows\System32\PSAPI.DLL
0x00007ffcdf8f0000 - 0x00007ffcdf914000 	C:\Windows\SYSTEM32\WINMM.dll
0x00007ffcda3f0000 - 0x00007ffcda3fa000 	C:\Windows\SYSTEM32\VERSION.dll
0x00007ffccef90000 - 0x00007ffccef99000 	C:\Windows\SYSTEM32\WSOCK32.dll
0x00007ffce51f0000 - 0x00007ffce525f000 	C:\Windows\System32\WS2_32.dll
0x00007ffcdf6e0000 - 0x00007ffcdf70d000 	C:\Windows\SYSTEM32\winmmbase.dll
0x00007ffce3150000 - 0x00007ffce319a000 	C:\Windows\System32\cfgmgr32.dll
0x00007ffcde8c0000 - 0x00007ffcde8cf000 	C:\Users\zmlxd\.jdks\corretto-1.8.0_252\jre\bin\verify.dll
0x00007ffcdb970000 - 0x00007ffcdb999000 	C:\Users\zmlxd\.jdks\corretto-1.8.0_252\jre\bin\java.dll
0x00007ffcc6cd0000 - 0x00007ffcc6cf3000 	C:\Users\zmlxd\.jdks\corretto-1.8.0_252\jre\bin\instrument.dll
0x00007ffcda1a0000 - 0x00007ffcda1b6000 	C:\Users\zmlxd\.jdks\corretto-1.8.0_252\jre\bin\zip.dll
0x00007ffce3ff0000 - 0x00007ffce46d6000 	C:\Windows\System32\SHELL32.dll
0x00007ffce3a30000 - 0x00007ffce3ad9000 	C:\Windows\System32\shcore.dll
0x00007ffce2930000 - 0x00007ffce30b0000 	C:\Windows\System32\windows.storage.dll
0x00007ffce21b0000 - 0x00007ffce21d3000 	C:\Windows\System32\profapi.dll
0x00007ffce21e0000 - 0x00007ffce222a000 	C:\Windows\System32\powrprof.dll
0x00007ffce2160000 - 0x00007ffce2170000 	C:\Windows\System32\UMPDC.dll
0x00007ffce5190000 - 0x00007ffce51e2000 	C:\Windows\System32\shlwapi.dll
0x00007ffce2170000 - 0x00007ffce2181000 	C:\Windows\System32\kernel.appcore.dll
0x00007ffce2230000 - 0x00007ffce2247000 	C:\Windows\System32\cryptsp.dll
0x00007ffcca000000 - 0x00007ffcca01a000 	D:\Program Files\IntelliJ IDEA 2020.1.2\bin\breakgen64.dll
0x00007ffcd1e60000 - 0x00007ffcd1e7a000 	C:\Users\zmlxd\.jdks\corretto-1.8.0_252\jre\bin\net.dll
0x00007ffce19d0000 - 0x00007ffce1a37000 	C:\Windows\system32\mswsock.dll
0x00007ffccf020000 - 0x00007ffccf036000 	C:\Windows\system32\napinsp.dll
0x00007ffccefb0000 - 0x00007ffccefca000 	C:\Windows\system32\pnrpnsp.dll
0x00007ffce1720000 - 0x00007ffce17eb000 	C:\Windows\SYSTEM32\DNSAPI.dll
0x00007ffce4900000 - 0x00007ffce4908000 	C:\Windows\System32\NSI.dll
0x00007ffce16e0000 - 0x00007ffce171a000 	C:\Windows\SYSTEM32\IPHLPAPI.DLL
0x00007ffccefa0000 - 0x00007ffccefae000 	C:\Windows\System32\winrnr.dll
0x00007ffcde5f0000 - 0x00007ffcde60c000 	C:\Windows\system32\NLAapi.dll
0x00007ffccecc0000 - 0x00007ffccecd5000 	C:\Windows\system32\wshbth.dll
0x0000000056ab0000 - 0x0000000056ad6000 	C:\Program Files\Bonjour\mdnsNSP.dll
0x00007ffcda120000 - 0x00007ffcda12a000 	C:\Windows\System32\rasadhlp.dll
0x00007ffcd93b0000 - 0x00007ffcd9427000 	C:\Windows\System32\fwpuclnt.dll
0x00007ffce3320000 - 0x00007ffce3346000 	C:\Windows\System32\bcrypt.dll
0x00007ffccef20000 - 0x00007ffccef32000 	C:\Users\zmlxd\.jdks\corretto-1.8.0_252\jre\bin\nio.dll
0x00007ffce1540000 - 0x00007ffce1573000 	C:\Windows\system32\rsaenh.dll
0x00007ffce2050000 - 0x00007ffce2075000 	C:\Windows\SYSTEM32\USERENV.dll
0x00007ffce1ba0000 - 0x00007ffce1bac000 	C:\Windows\SYSTEM32\CRYPTBASE.dll
0x00007ffcda100000 - 0x00007ffcda116000 	C:\Windows\SYSTEM32\dhcpcsvc6.DLL
0x00007ffcda040000 - 0x00007ffcda05c000 	C:\Windows\SYSTEM32\dhcpcsvc.DLL
0x00007ffcdcc70000 - 0x00007ffcdcc7d000 	C:\Users\zmlxd\.jdks\corretto-1.8.0_252\jre\bin\management.dll

VM Arguments:
jvm_args: -javaagent:D:\Program Files\IntelliJ IDEA 2020.1.2\lib\idea_rt.jar=51065:D:\Program Files\IntelliJ IDEA 2020.1.2\bin -Dfile.encoding=UTF-8 
java_command: wc.WordCount
java_class_path (initial): C:\Users\zmlxd\.jdks\corretto-1.8.0_252\jre\lib\charsets.jar;C:\Users\zmlxd\.jdks\corretto-1.8.0_252\jre\lib\ext\access-bridge-64.jar;C:\Users\zmlxd\.jdks\corretto-1.8.0_252\jre\lib\ext\cldrdata.jar;C:\Users\zmlxd\.jdks\corretto-1.8.0_252\jre\lib\ext\dnsns.jar;C:\Users\zmlxd\.jdks\corretto-1.8.0_252\jre\lib\ext\jaccess.jar;C:\Users\zmlxd\.jdks\corretto-1.8.0_252\jre\lib\ext\jfxrt.jar;C:\Users\zmlxd\.jdks\corretto-1.8.0_252\jre\lib\ext\localedata.jar;C:\Users\zmlxd\.jdks\corretto-1.8.0_252\jre\lib\ext\nashorn.jar;C:\Users\zmlxd\.jdks\corretto-1.8.0_252\jre\lib\ext\sunec.jar;C:\Users\zmlxd\.jdks\corretto-1.8.0_252\jre\lib\ext\sunjce_provider.jar;C:\Users\zmlxd\.jdks\corretto-1.8.0_252\jre\lib\ext\sunmscapi.jar;C:\Users\zmlxd\.jdks\corretto-1.8.0_252\jre\lib\ext\sunpkcs11.jar;C:\Users\zmlxd\.jdks\corretto-1.8.0_252\jre\lib\ext\zipfs.jar;C:\Users\zmlxd\.jdks\corretto-1.8.0_252\jre\lib\jce.jar;C:\Users\zmlxd\.jdks\corretto-1.8.0_252\jre\lib\jfxswt.jar;C:\Users\zmlxd\.jdks\corretto-1.8.0_252\jre\lib\jsse.jar;C:\Users\zmlxd\.jdks\corretto-1.8.0_252\jre\lib\management-agent.jar;C:\Users\zmlxd\.jdks\corretto-1.8.0_252\jre\lib\resources.jar;C:\Users\zmlxd\.jdks\corretto-1.8.0_252\jre\lib\rt.jar;C:\Users\zmlxd\Desktop\xido\note\flink\code\target\classes;C:\Users\zmlxd\.m2\repository\org\apache\flink\flink-scala_2.12\1.10.1\flink-scala_2.12-1.10.1.jar;C:\Users\zmlxd\.m2\repository\org\apache\flink\flink-core\1.10.1\flink-core-1.10.1.jar;C:\Users\zmlxd\.m2\repository\org\apache\flink\flink-annotations\1.10.1\flink-annotations-1.10.1.jar;C:\Users\zmlxd\.m2\repository\org\apache\flink\flink-metrics-core\1.10.1\flink-metrics-core-1.10.1.jar;C:\Users\zmlxd\.m2\repository\org\apache\commons\commons-lang3\3.3.2\commons-lang3-3.3.2.jar;C:\Users\zmlxd\.m2\repository\com\esotericsoftware\kryo\kryo\2.24.0\kryo-2.24.0.jar;C:\Users\zmlxd\.m2\repository\com\esotericsoftware\minlog\minlog\1.2\minlog-1.2.jar;C:\Users\zmlxd\.m2\repository\org\objenesis\objenesis\2.1
Launcher Type: SUN_STANDARD

Environment Variables:
JAVA_HOME=C:\Users\zmlxd\.jdks\corretto-1.8.0_252\bin
PATH=D:\Program Files\xftp\;D:\Program Files\xshell\;C:\Windows\system32;C:\Windows;C:\Windows\System32\Wbem;C:\Windows\System32\WindowsPowerShell\v1.0\;C:\Windows\System32\OpenSSH\;C:\Program Files (x86)\NVIDIA Corporation\PhysX\Common;C:\Program Files\NVIDIA Corporation\NVIDIA NvDLISR;D:\Program Files\Git\cmd;C:\Program Files\python;C:\Program Files\python\Scripts;D:\BtSoft\panel\script;C:\Program Files\PowerShell\7-preview\preview;D:\Program Files\node\;C:\Users\zmlxd\.jdks\corretto-1.8.0_252\bin\java;C:\Users\zmlxd\.jdks\corretto-1.8.0_252\bin\javac;C:\Users\zmlxd\AppData\Local\Programs\Python\Python37\Scripts\;C:\Users\zmlxd\AppData\Local\Programs\Python\Python37\;D:\Program Files\ana;D:\Program Files\ana\Library\mingw-w64\bin;D:\Program Files\ana\Library\usr\bin;D:\Program Files\ana\Library\bin;D:\Program Files\ana\Scripts;C:\Users\zmlxd\AppData\Local\Microsoft\WindowsApps;D:\Program Files\Microsoft VS Code\bin;C:\Users\zmlxd\.deno\bin;C:\Users\zmlxd\AppData\Roaming\npm;D:\Program Files\PyCharm 2020.1.3\bin;;C:\Users\zmlxd\.jdks\corretto-1.8.0_252\bin;C:\Program Files\Bandizip\
USERNAME=zmlxd
OS=Windows_NT
PROCESSOR_IDENTIFIER=AMD64 Family 23 Model 96 Stepping 1, AuthenticAMD



---------------  S Y S T E M  ---------------

OS: Windows 10.0 , 64 bit Build 18362 (10.0.18362.900)

CPU:total 16 (initial active 16) (16 cores per cpu, 1 threads per core) family 23 model 96 stepping 1, cmov, cx8, fxsr, mmx, sse, sse2, sse3, ssse3, sse4.1, sse4.2, popcnt, avx, avx2, aes, clmul, mmxext, 3dnowpref, lzcnt, sse4a, tsc, tscinvbit, tscinv, bmi1

Memory: 4k page, physical 16119108k(3890844k free), swap 21239108k(5404k free)

vm_info: OpenJDK 64-Bit Server VM (25.252-b09) for windows-amd64 JRE (1.8.0_252-b09), built on Apr 17 2020 18:10:37 by "Administrator" with MS VC++ 10.0 (VS2010)

time: Sat Oct 10 00:35:12 2020
timezone: 中国标准时间
elapsed time: 3 seconds (0d 0h 0m 3s)

