#
# There is insufficient memory for the Java Runtime Environment to continue.
# Native memory allocation (malloc) failed to allocate 468336 bytes for Chunk::new
# Possible reasons:
#   The system is out of physical RAM or swap space
#   The process is running with CompressedOops enabled, and the Java Heap may be blocking the growth of the native heap
# Possible solutions:
#   Reduce memory load on the system
#   Increase physical memory or swap space
#   Check if swap backing store is full
#   Decrease Java heap size (-Xmx/-Xms)
#   Decrease number of Java threads
#   Decrease Java thread stack sizes (-Xss)
#   Set larger code cache with -XX:ReservedCodeCacheSize=
#   JVM is running with Zero Based Compressed Oops mode in which the Java heap is
#     placed in the first 32GB address space. The Java Heap base address is the
#     maximum limit for the native heap growth. Please use -XX:HeapBaseMinAddress
#     to set the Java Heap base and to place the Java Heap above 32GB virtual address.
# This output file may be truncated or incomplete.
#
#  Out of Memory Error (allocation.cpp:389), pid=13596, tid=0x0000000000000ee4
#
# JRE version: OpenJDK Runtime Environment (8.0_252-b09) (build 1.8.0_252-b09)
# Java VM: OpenJDK 64-Bit Server VM (25.252-b09 mixed mode windows-amd64 compressed oops)
# Failed to write core dump. Minidumps are not enabled by default on client versions of Windows
#

---------------  T H R E A D  ---------------

Current thread (0x0000000020aa6000):  JavaThread "C2 CompilerThread3" daemon [_thread_in_native, id=3812, stack(0x00000000212d0000,0x00000000213d0000)]

Stack: [0x00000000212d0000,0x00000000213d0000]
[error occurred during error reporting (printing stack bounds), id 0xc0000005]

Native frames: (J=compiled Java code, j=interpreted, Vv=VM code, C=native code)


Current CompileTask:
C2:   3364 3880   !   4       java.net.URL::<init> (543 bytes)


---------------  P R O C E S S  ---------------

Java Threads: ( => current thread )
  0x0000000025360800 JavaThread "DestroyJavaVM" [_thread_blocked, id=22076, stack(0x00000000032a0000,0x00000000033a0000)]
  0x0000000025363800 JavaThread "IOManager reader thread #1" daemon [_thread_blocked, id=22256, stack(0x0000000028700000,0x0000000028800000)]
  0x0000000025366000 JavaThread "IOManager writer thread #1" daemon [_thread_blocked, id=7792, stack(0x0000000028600000,0x0000000028700000)]
  0x000000002535b800 JavaThread "Timer-2" daemon [_thread_blocked, id=14784, stack(0x0000000028500000,0x0000000028600000)]
  0x000000002535d800 JavaThread "Timer-1" daemon [_thread_blocked, id=4532, stack(0x0000000028400000,0x0000000028500000)]
  0x000000002535d000 JavaThread "BLOB Server listener at 51346" daemon [_thread_in_native, id=20268, stack(0x0000000028300000,0x0000000028400000)]
  0x000000002535c000 JavaThread "Timer-0" daemon [_thread_blocked, id=18196, stack(0x0000000028200000,0x0000000028300000)]
  0x0000000025360000 JavaThread "flink-metrics-akka.remote.default-remote-dispatcher-13" [_thread_blocked, id=4432, stack(0x0000000027f00000,0x0000000028000000)]
  0x000000002535e800 JavaThread "flink-metrics-akka.remote.default-remote-dispatcher-12" [_thread_blocked, id=17272, stack(0x0000000027e00000,0x0000000027f00000)]
  0x0000000020b22000 JavaThread "New I/O server boss #6" [_thread_in_native, id=19016, stack(0x0000000027d00000,0x0000000027e00000)]
  0x0000000020b1c800 JavaThread "New I/O worker #5" [_thread_in_native, id=22340, stack(0x0000000027c00000,0x0000000027d00000)]
  0x0000000020b21000 JavaThread "New I/O worker #4" [_thread_in_native, id=5684, stack(0x0000000027b00000,0x0000000027c00000)]
  0x0000000020b23800 JavaThread "New I/O boss #3" [_thread_in_native, id=16568, stack(0x0000000027a00000,0x0000000027b00000)]
  0x0000000020b22800 JavaThread "New I/O worker #2" [_thread_in_native, id=20988, stack(0x0000000027900000,0x0000000027a00000)]
  0x0000000020b20800 JavaThread "New I/O worker #1" [_thread_in_native, id=18640, stack(0x0000000027800000,0x0000000027900000)]
  0x0000000024d2c000 JavaThread "flink-metrics-akka.remote.default-remote-dispatcher-4" [_thread_blocked, id=22512, stack(0x0000000027500000,0x0000000027600000)]
  0x0000000024e2c000 JavaThread "flink-metrics-akka.remote.default-remote-dispatcher-3" [_thread_blocked, id=10164, stack(0x0000000027400000,0x0000000027500000)]
  0x0000000024d32800 JavaThread "flink-metrics-2" [_thread_blocked, id=18944, stack(0x0000000027300000,0x0000000027400000)]
  0x0000000024fc4000 JavaThread "flink-metrics-scheduler-1" [_thread_blocked, id=21036, stack(0x0000000027200000,0x0000000027300000)]
  0x0000000024df3800 JavaThread "flink-akka.actor.default-dispatcher-5" [_thread_blocked, id=7348, stack(0x0000000026f00000,0x0000000027000000)]
  0x0000000024fda000 JavaThread "flink-akka.actor.default-dispatcher-4" [_thread_blocked, id=15792, stack(0x0000000026e00000,0x0000000026f00000)]
  0x0000000024d3d000 JavaThread "flink-akka.actor.default-dispatcher-3" [_thread_blocked, id=19340, stack(0x0000000026990000,0x0000000026a90000)]
  0x000000001ebe6000 JavaThread "flink-akka.actor.default-dispatcher-2" [_thread_blocked, id=11228, stack(0x0000000026b00000,0x0000000026c00000)]
  0x0000000024ed3000 JavaThread "flink-scheduler-1" [_thread_blocked, id=5272, stack(0x0000000026890000,0x0000000026990000)]
  0x0000000020b87800 JavaThread "Service Thread" daemon [_thread_blocked, id=2040, stack(0x0000000021cd0000,0x0000000021dd0000)]
  0x0000000020b1f800 JavaThread "C1 CompilerThread11" daemon [_thread_blocked, id=16616, stack(0x0000000021bd0000,0x0000000021cd0000)]
  0x0000000020b1e000 JavaThread "C1 CompilerThread10" daemon [_thread_blocked, id=20756, stack(0x0000000021ad0000,0x0000000021bd0000)]
  0x0000000020b1d800 JavaThread "C1 CompilerThread9" daemon [_thread_blocked, id=17636, stack(0x00000000219d0000,0x0000000021ad0000)]
  0x0000000020b1f000 JavaThread "C1 CompilerThread8" daemon [_thread_blocked, id=12096, stack(0x00000000217d0000,0x00000000218d0000)]
  0x0000000020aff000 JavaThread "C2 CompilerThread7" daemon [_thread_blocked, id=22372, stack(0x00000000216d0000,0x00000000217d0000)]
  0x0000000020ad6000 JavaThread "C2 CompilerThread6" daemon [_thread_blocked, id=18516, stack(0x00000000215d0000,0x00000000216d0000)]
  0x0000000020ab3800 JavaThread "C2 CompilerThread5" daemon [_thread_blocked, id=20680, stack(0x00000000214d0000,0x00000000215d0000)]
  0x0000000020aaa800 JavaThread "C2 CompilerThread4" daemon [_thread_blocked, id=22044, stack(0x00000000213d0000,0x00000000214d0000)]
=>0x0000000020aa6000 JavaThread "C2 CompilerThread3" daemon [_thread_in_native, id=3812, stack(0x00000000212d0000,0x00000000213d0000)]
  0x0000000020aa1000 JavaThread "C2 CompilerThread2" daemon [_thread_in_native, id=16428, stack(0x00000000211d0000,0x00000000212d0000)]
  0x0000000020aa0800 JavaThread "C2 CompilerThread1" daemon [_thread_blocked, id=22396, stack(0x00000000210d0000,0x00000000211d0000)]
  0x0000000020a9d800 JavaThread "C2 CompilerThread0" daemon [_thread_blocked, id=18688, stack(0x0000000020fd0000,0x00000000210d0000)]
  0x0000000020a99000 JavaThread "Monitor Ctrl-Break" daemon [_thread_in_native, id=18036, stack(0x0000000020ed0000,0x0000000020fd0000)]
  0x000000001eba5800 JavaThread "Attach Listener" daemon [_thread_blocked, id=3608, stack(0x00000000205d0000,0x00000000206d0000)]
  0x000000001eb4d000 JavaThread "Signal Dispatcher" daemon [_thread_blocked, id=19284, stack(0x00000000204d0000,0x00000000205d0000)]
  0x000000001d0d8800 JavaThread "Finalizer" daemon [_thread_blocked, id=13632, stack(0x0000000020390000,0x0000000020490000)]
  0x000000001eb26000 JavaThread "Reference Handler" daemon [_thread_blocked, id=21008, stack(0x0000000020290000,0x0000000020390000)]

Other Threads:
  0x000000001eb05800 VMThread [stack: 0x0000000020190000,0x0000000020290000] [id=19024]
  0x0000000020b89800 WatcherThread [stack: 0x0000000021dd0000,0x0000000021ed0000] [id=21120]

VM state:not at safepoint (normal execution)

VM Mutex/Monitor currently owned by a thread: None

OutOfMemory and StackOverflow Exception counts:
OutOfMemoryError java_heap_errors=1

heap address: 0x00000006ca000000, size: 3936 MB, Compressed Oops mode: Zero based, Oop shift amount: 3
Narrow klass base: 0x0000000000000000, Narrow klass shift: 3
Compressed class space size: 1073741824 Address: 0x00000007c0000000

Heap:
 PSYoungGen      total 100352K, used 84972K [0x000000076e000000, 0x0000000774f80000, 0x00000007c0000000)
  eden space 90112K, 94% used [0x000000076e000000,0x00000007732fb1b0,0x0000000773800000)
  from space 10240K, 0% used [0x0000000774200000,0x0000000774200000,0x0000000774c00000)
  to   space 10240K, 0% used [0x0000000773800000,0x0000000773800000,0x0000000774200000)
 ParOldGen       total 171008K, used 13875K [0x00000006ca000000, 0x00000006d4700000, 0x000000076e000000)
  object space 171008K, 8% used [0x00000006ca000000,0x00000006cad8cc68,0x00000006d4700000)
 Metaspace       used 42159K, capacity 44510K, committed 44800K, reserved 1087488K
  class space    used 5771K, capacity 6025K, committed 6144K, reserved 1048576K

Card table byte_map: [0x0000000012a50000,0x0000000013210000] byte_map_base: 0x000000000f400000

Marking Bits: (ParMarkBitMap*) 0x0000000055ca50b0
 Begin Bits: [0x0000000014430000, 0x00000000181b0000)
 End Bits:   [0x00000000181b0000, 0x000000001bf30000)

Polling page: 0x0000000001450000

CodeCache: size=245760Kb used=13785Kb max_used=13785Kb free=231974Kb
 bounds [0x0000000003690000, 0x0000000004410000, 0x0000000012690000]
 total_blobs=4397 nmethods=3912 adapters=394
 compilation: enabled

Compilation events (10 events):
Event: 3.355 Thread 0x0000000020b1d800 nmethod 3908 0x0000000004404990 code [0x0000000004404b20, 0x0000000004405150]
Event: 3.355 Thread 0x0000000020b1d800 3910   !   3       org.apache.flink.core.memory.MemorySegmentFactory::allocateDirectMemory (35 bytes)
Event: 3.355 Thread 0x0000000020b1d800 nmethod 3910 0x0000000004405350 code [0x0000000004405500, 0x00000000044058b8]
Event: 3.355 Thread 0x0000000020b1d800 3911       3       org.apache.flink.core.memory.HybridMemorySegment::<init> (24 bytes)
Event: 3.355 Thread 0x0000000020b1f000 nmethod 3909 0x0000000004405a90 code [0x0000000004405c60, 0x00000000044062b8]
Event: 3.355 Thread 0x0000000020b1f000 3912   !   3       org.apache.flink.core.memory.MemoryUtils::getByteBufferAddress (39 bytes)
Event: 3.355 Thread 0x0000000020b1d800 nmethod 3911 0x0000000004406650 code [0x00000000044067c0, 0x0000000004406a78]
Event: 3.355 Thread 0x0000000020b1e000 nmethod 3907 0x0000000004406b90 code [0x0000000004406e20, 0x0000000004407b98]
Event: 3.355 Thread 0x0000000020b1f800 nmethod 3904 0x0000000004408410 code [0x0000000004408680, 0x00000000044096f8]
Event: 3.355 Thread 0x0000000020b1f000 nmethod 3912 0x0000000004409f10 code [0x000000000440a0e0, 0x000000000440a748]

GC Heap History (10 events):
Event: 1.344 GC heap before
{Heap before GC invocations=2 (full 0):
 PSYoungGen      total 73728K, used 37661K [0x000000076e000000, 0x0000000773200000, 0x00000007c0000000)
  eden space 63488K, 43% used [0x000000076e000000,0x000000076fac93a8,0x0000000771e00000)
  from space 10240K, 99% used [0x0000000771e00000,0x00000007727fe330,0x0000000772800000)
  to   space 10240K, 0% used [0x0000000772800000,0x0000000772800000,0x0000000773200000)
 ParOldGen       total 167936K, used 301K [0x00000006ca000000, 0x00000006d4400000, 0x000000076e000000)
  object space 167936K, 0% used [0x00000006ca000000,0x00000006ca04b620,0x00000006d4400000)
 Metaspace       used 20704K, capacity 21286K, committed 21296K, reserved 1067008K
  class space    used 2815K, capacity 2934K, committed 2944K, reserved 1048576K
Event: 1.348 GC heap after
Heap after GC invocations=2 (full 0):
 PSYoungGen      total 73728K, used 7525K [0x000000076e000000, 0x0000000773200000, 0x00000007c0000000)
  eden space 63488K, 0% used [0x000000076e000000,0x000000076e000000,0x0000000771e00000)
  from space 10240K, 73% used [0x0000000772800000,0x0000000772f596c8,0x0000000773200000)
  to   space 10240K, 0% used [0x0000000771e00000,0x0000000771e00000,0x0000000772800000)
 ParOldGen       total 167936K, used 309K [0x00000006ca000000, 0x00000006d4400000, 0x000000076e000000)
  object space 167936K, 0% used [0x00000006ca000000,0x00000006ca04d620,0x00000006d4400000)
 Metaspace       used 20704K, capacity 21286K, committed 21296K, reserved 1067008K
  class space    used 2815K, capacity 2934K, committed 2944K, reserved 1048576K
}
Event: 1.348 GC heap before
{Heap before GC invocations=3 (full 1):
 PSYoungGen      total 73728K, used 7525K [0x000000076e000000, 0x0000000773200000, 0x00000007c0000000)
  eden space 63488K, 0% used [0x000000076e000000,0x000000076e000000,0x0000000771e00000)
  from space 10240K, 73% used [0x0000000772800000,0x0000000772f596c8,0x0000000773200000)
  to   space 10240K, 0% used [0x0000000771e00000,0x0000000771e00000,0x0000000772800000)
 ParOldGen       total 167936K, used 309K [0x00000006ca000000, 0x00000006d4400000, 0x000000076e000000)
  object space 167936K, 0% used [0x00000006ca000000,0x00000006ca04d620,0x00000006d4400000)
 Metaspace       used 20704K, capacity 21286K, committed 21296K, reserved 1067008K
  class space    used 2815K, capacity 2934K, committed 2944K, reserved 1048576K
Event: 1.363 GC heap after
Heap after GC invocations=3 (full 1):
 PSYoungGen      total 73728K, used 0K [0x000000076e000000, 0x0000000773200000, 0x00000007c0000000)
  eden space 63488K, 0% used [0x000000076e000000,0x000000076e000000,0x0000000771e00000)
  from space 10240K, 0% used [0x0000000772800000,0x0000000772800000,0x0000000773200000)
  to   space 10240K, 0% used [0x0000000771e00000,0x0000000771e00000,0x0000000772800000)
 ParOldGen       total 104960K, used 7101K [0x00000006ca000000, 0x00000006d0680000, 0x000000076e000000)
  object space 104960K, 6% used [0x00000006ca000000,0x00000006ca6ef780,0x00000006d0680000)
 Metaspace       used 20704K, capacity 21286K, committed 21296K, reserved 1067008K
  class space    used 2815K, capacity 2934K, committed 2944K, reserved 1048576K
}
Event: 2.220 GC heap before
{Heap before GC invocations=4 (full 1):
 PSYoungGen      total 73728K, used 63488K [0x000000076e000000, 0x0000000773200000, 0x00000007c0000000)
  eden space 63488K, 100% used [0x000000076e000000,0x0000000771e00000,0x0000000771e00000)
  from space 10240K, 0% used [0x0000000772800000,0x0000000772800000,0x0000000773200000)
  to   space 10240K, 0% used [0x0000000771e00000,0x0000000771e00000,0x0000000772800000)
 ParOldGen       total 104960K, used 7101K [0x00000006ca000000, 0x00000006d0680000, 0x000000076e000000)
  object space 104960K, 6% used [0x00000006ca000000,0x00000006ca6ef780,0x00000006d0680000)
 Metaspace       used 28013K, capacity 29264K, committed 29440K, reserved 1075200K
  class space    used 3905K, capacity 4061K, committed 4096K, reserved 1048576K
Event: 2.223 GC heap after
Heap after GC invocations=4 (full 1):
 PSYoungGen      total 73728K, used 9277K [0x000000076e000000, 0x0000000774c00000, 0x00000007c0000000)
  eden space 63488K, 0% used [0x000000076e000000,0x000000076e000000,0x0000000771e00000)
  from space 10240K, 90% used [0x0000000771e00000,0x000000077270f7c8,0x0000000772800000)
  to   space 10240K, 0% used [0x0000000774200000,0x0000000774200000,0x0000000774c00000)
 ParOldGen       total 104960K, used 7109K [0x00000006ca000000, 0x00000006d0680000, 0x000000076e000000)
  object space 104960K, 6% used [0x00000006ca000000,0x00000006ca6f1780,0x00000006d0680000)
 Metaspace       used 28013K, capacity 29264K, committed 29440K, reserved 1075200K
  class space    used 3905K, capacity 4061K, committed 4096K, reserved 1048576K
}
Event: 2.606 GC heap before
{Heap before GC invocations=5 (full 1):
 PSYoungGen      total 73728K, used 49175K [0x000000076e000000, 0x0000000774c00000, 0x00000007c0000000)
  eden space 63488K, 62% used [0x000000076e000000,0x00000007706f6770,0x0000000771e00000)
  from space 10240K, 90% used [0x0000000771e00000,0x000000077270f7c8,0x0000000772800000)
  to   space 10240K, 0% used [0x0000000774200000,0x0000000774200000,0x0000000774c00000)
 ParOldGen       total 104960K, used 7109K [0x00000006ca000000, 0x00000006d0680000, 0x000000076e000000)
  object space 104960K, 6% used [0x00000006ca000000,0x00000006ca6f1780,0x00000006d0680000)
 Metaspace       used 33680K, capacity 35340K, committed 35496K, reserved 1079296K
  class space    used 4541K, capacity 4763K, committed 4864K, reserved 1048576K
Event: 2.612 GC heap after
Heap after GC invocations=5 (full 1):
 PSYoungGen      total 100352K, used 10131K [0x000000076e000000, 0x0000000774f80000, 0x00000007c0000000)
  eden space 90112K, 0% used [0x000000076e000000,0x000000076e000000,0x0000000773800000)
  from space 10240K, 98% used [0x0000000774200000,0x0000000774be4d38,0x0000000774c00000)
  to   space 10240K, 0% used [0x0000000773800000,0x0000000773800000,0x0000000774200000)
 ParOldGen       total 104960K, used 7117K [0x00000006ca000000, 0x00000006d0680000, 0x000000076e000000)
  object space 104960K, 6% used [0x00000006ca000000,0x00000006ca6f3780,0x00000006d0680000)
 Metaspace       used 33680K, capacity 35340K, committed 35496K, reserved 1079296K
  class space    used 4541K, capacity 4763K, committed 4864K, reserved 1048576K
}
Event: 2.612 GC heap before
{Heap before GC invocations=6 (full 2):
 PSYoungGen      total 100352K, used 10131K [0x000000076e000000, 0x0000000774f80000, 0x00000007c0000000)
  eden space 90112K, 0% used [0x000000076e000000,0x000000076e000000,0x0000000773800000)
  from space 10240K, 98% used [0x0000000774200000,0x0000000774be4d38,0x0000000774c00000)
  to   space 10240K, 0% used [0x0000000773800000,0x0000000773800000,0x0000000774200000)
 ParOldGen       total 104960K, used 7117K [0x00000006ca000000, 0x00000006d0680000, 0x000000076e000000)
  object space 104960K, 6% used [0x00000006ca000000,0x00000006ca6f3780,0x00000006d0680000)
 Metaspace       used 33680K, capacity 35340K, committed 35496K, reserved 1079296K
  class space    used 4541K, capacity 4763K, committed 4864K, reserved 1048576K
Event: 2.635 GC heap after
Heap after GC invocations=6 (full 2):
 PSYoungGen      total 100352K, used 0K [0x000000076e000000, 0x0000000774f80000, 0x00000007c0000000)
  eden space 90112K, 0% used [0x000000076e000000,0x000000076e000000,0x0000000773800000)
  from space 10240K, 0% used [0x0000000774200000,0x0000000774200000,0x0000000774c00000)
  to   space 10240K, 0% used [0x0000000773800000,0x0000000773800000,0x0000000774200000)
 ParOldGen       total 171008K, used 13875K [0x00000006ca000000, 0x00000006d4700000, 0x000000076e000000)
  object space 171008K, 8% used [0x00000006ca000000,0x00000006cad8cc68,0x00000006d4700000)
 Metaspace       used 33680K, capacity 35340K, committed 35496K, reserved 1079296K
  class space    used 4541K, capacity 4763K, committed 4864K, reserved 1048576K
}

Deoptimization events (10 events):
Event: 2.940 Thread 0x0000000024d2c000 Uncommon trap: reason=class_check action=maybe_recompile pc=0x00000000040b82d0 method=java.util.HashMap.putVal(ILjava/lang/Object;Ljava/lang/Object;ZZ)Ljava/lang/Object; @ 253
Event: 2.940 Thread 0x0000000024d2c000 Uncommon trap: reason=class_check action=maybe_recompile pc=0x00000000040b82d0 method=java.util.HashMap.putVal(ILjava/lang/Object;Ljava/lang/Object;ZZ)Ljava/lang/Object; @ 253
Event: 2.940 Thread 0x0000000024d2c000 Uncommon trap: reason=class_check action=maybe_recompile pc=0x000000000416f354 method=java.util.HashMap.putVal(ILjava/lang/Object;Ljava/lang/Object;ZZ)Ljava/lang/Object; @ 253
Event: 3.121 Thread 0x0000000024d2c000 Uncommon trap: reason=unstable_if action=reinterpret pc=0x0000000003ac2280 method=java.io.WinNTFileSystem.normalize(Ljava/lang/String;)Ljava/lang/String; @ 128
Event: 3.240 Thread 0x00000000033a3000 Uncommon trap: reason=unstable_if action=reinterpret pc=0x0000000003f6ce70 method=java.util.jar.JarFile.maybeInstantiateVerifier()V @ 4
Event: 3.254 Thread 0x00000000033a3000 Uncommon trap: reason=unstable_if action=reinterpret pc=0x000000000415608c method=java.util.HashMap.getNode(ILjava/lang/Object;)Ljava/util/HashMap$Node; @ 129
Event: 3.254 Thread 0x00000000033a3000 Uncommon trap: reason=bimorphic action=maybe_recompile pc=0x000000000435eda0 method=java.util.HashMap.putVal(ILjava/lang/Object;Ljava/lang/Object;ZZ)Ljava/lang/Object; @ 203
Event: 3.254 Thread 0x00000000033a3000 Uncommon trap: reason=unstable_if action=reinterpret pc=0x0000000003fe57dc method=java.util.HashMap.getNode(ILjava/lang/Object;)Ljava/util/HashMap$Node; @ 129
Event: 3.290 Thread 0x00000000033a3000 Uncommon trap: reason=unstable_if action=reinterpret pc=0x00000000043d73b0 method=java.util.Arrays.equals([Ljava/lang/Object;[Ljava/lang/Object;)Z @ 65
Event: 3.297 Thread 0x00000000033a3000 Uncommon trap: reason=unstable_if action=reinterpret pc=0x0000000003b7f73c method=jdk.internal.org.objectweb.asm.Type.getArgumentsAndReturnSizes(Ljava/lang/String;)I @ 41

Classes redefined (0 events):
No events

Internal exceptions (10 events):
Event: 3.192 Thread 0x0000000024d2c000 Exception <a 'java/lang/NoSuchMethodError': java.lang.Object.$anonfun$recover$1(Lscala/PartialFunction;Lscala/util/Try;)Lscala/util/Try;> (0x0000000771707698) thrown at [C:\ws\UTv\Corretto8Src\installers\windows\zip\corretto-build\buildRoot\src\hotspot\sr
Event: 3.202 Thread 0x000000002535e800 Exception <a 'java/lang/NoSuchMethodError': java.lang.Object.$anonfun$foreach$1$adapted(Lscala/Function1;Lscala/util/Try;)Ljava/lang/Object;> (0x00000007718e5318) thrown at [C:\ws\UTv\Corretto8Src\installers\windows\zip\corretto-build\buildRoot\src\hotspo
Event: 3.209 Thread 0x0000000024d32800 Exception <a 'java/lang/NoSuchMethodError': java.lang.Object.$anonfun$mapTo$1(Ljava/lang/Class;Ljava/lang/Object;)Ljava/lang/Object;> (0x000000077196a930) thrown at [C:\ws\UTv\Corretto8Src\installers\windows\zip\corretto-build\buildRoot\src\hotspot\src\sh
Event: 3.211 Thread 0x000000002535e800 Exception <a 'java/lang/NoSuchMethodError': java.lang.Object.$anonfun$reduceLeft$1$adapted(Lscala/Function2;Lscala/runtime/BooleanRef;Lscala/runtime/ObjectRef;Ljava/lang/Object;)Ljava/lang/Object;> (0x00000007719cf4f0) thrown at [C:\ws\UTv\Corretto8Src\in
Event: 3.213 Thread 0x000000002535e800 Exception <a 'java/lang/NoSuchMethodError': java.lang.Object.$anonfun$andThen$2(Lscala/util/Try;)Lscala/util/Try;> (0x00000007719df588) thrown at [C:\ws\UTv\Corretto8Src\installers\windows\zip\corretto-build\buildRoot\src\hotspot\src\share\vm\interpreter\
Event: 3.214 Thread 0x000000002535e800 Exception <a 'java/lang/NoSuchMethodError': java.lang.Object.$anonfun$groupBy$1(Lscala/collection/TraversableLike;Lscala/Function1;Lscala/collection/mutable/Map;Ljava/lang/Object;)Lscala/collection/mutable/Builder;> (0x00000007719e84f0) thrown at [C:\ws\U
Event: 3.214 Thread 0x000000002535e800 Exception <a 'java/lang/NoSuchMethodError': java.lang.Object.$anonfun$groupBy$2(Lscala/collection/TraversableLike;)Lscala/collection/mutable/Builder;> (0x00000007719eee70) thrown at [C:\ws\UTv\Corretto8Src\installers\windows\zip\corretto-build\buildRoot\s
Event: 3.215 Thread 0x000000002535e800 Exception <a 'java/lang/NoSuchMethodError': java.lang.Object.$anonfun$groupBy$3$adapted(Lscala/Tuple2;)Ljava/lang/Object;> (0x00000007719f40d8) thrown at [C:\ws\UTv\Corretto8Src\installers\windows\zip\corretto-build\buildRoot\src\hotspot\src\share\vm\inte
Event: 3.215 Thread 0x000000002535e800 Exception <a 'java/lang/NoSuchMethodError': java.lang.Object.$anonfun$groupBy$4(Lscala/collection/mutable/Builder;Lscala/Tuple2;)Lscala/collection/mutable/Builder;> (0x00000007719f7ff8) thrown at [C:\ws\UTv\Corretto8Src\installers\windows\zip\corretto-bui
Event: 3.356 Thread 0x00000000033a3000 Exception <a 'java/lang/OutOfMemoryError'> (0x00000007731681e0) thrown at [C:\ws\UTv\Corretto8Src\installers\windows\zip\corretto-build\buildRoot\src\hotspot\src\share\vm\prims\unsafe.cpp, line 636]

Events (10 events):
Event: 3.349 loading class org/apache/flink/core/memory/MemorySegmentFactory
Event: 3.349 loading class org/apache/flink/core/memory/MemorySegmentFactory done
Event: 3.350 loading class org/apache/flink/core/memory/HybridMemorySegment
Event: 3.350 loading class org/apache/flink/core/memory/HybridMemorySegment done
Event: 3.350 loading class java/nio/ReadOnlyBufferException
Event: 3.350 loading class java/nio/ReadOnlyBufferException done
Event: 3.350 loading class java/nio/BufferUnderflowException
Event: 3.351 loading class java/nio/BufferUnderflowException done
Event: 3.356 loading class org/apache/flink/util/ExceptionUtils
Event: 3.356 loading class org/apache/flink/util/ExceptionUtils done


Dynamic libraries:
0x00007ff62e3f0000 - 0x00007ff62e425000 	C:\Users\zmlxd\.jdks\corretto-1.8.0_252\bin\java.exe
0x00007ffce52a0000 - 0x00007ffce5490000 	C:\Windows\SYSTEM32\ntdll.dll
0x00007ffce4840000 - 0x00007ffce48f2000 	C:\Windows\System32\KERNEL32.DLL
0x00007ffce2250000 - 0x00007ffce24f4000 	C:\Windows\System32\KERNELBASE.dll
0x00007ffce4ed0000 - 0x00007ffce4f73000 	C:\Windows\System32\ADVAPI32.dll
0x00007ffce49a0000 - 0x00007ffce4a3e000 	C:\Windows\System32\msvcrt.dll
0x00007ffce3f50000 - 0x00007ffce3fe7000 	C:\Windows\System32\sechost.dll
0x00007ffce3520000 - 0x00007ffce3640000 	C:\Windows\System32\RPCRT4.dll
0x00007ffce36b0000 - 0x00007ffce3844000 	C:\Windows\System32\USER32.dll
0x00007ffce2500000 - 0x00007ffce2521000 	C:\Windows\System32\win32u.dll
0x00007ffce5050000 - 0x00007ffce5076000 	C:\Windows\System32\GDI32.dll
0x00007ffce2530000 - 0x00007ffce26c5000 	C:\Windows\System32\gdi32full.dll
0x00007ffce30b0000 - 0x00007ffce314e000 	C:\Windows\System32\msvcp_win.dll
0x00007ffce3220000 - 0x00007ffce331a000 	C:\Windows\System32\ucrtbase.dll
0x00007ffcd7cf0000 - 0x00007ffcd7f74000 	C:\Windows\WinSxS\amd64_microsoft.windows.common-controls_6595b64144ccf1df_6.0.18362.900_none_e6beb9d913147d17\COMCTL32.dll
0x00007ffce4a50000 - 0x00007ffce4d85000 	C:\Windows\System32\combase.dll
0x00007ffce31a0000 - 0x00007ffce3220000 	C:\Windows\System32\bcryptPrimitives.dll
0x00007ffce5100000 - 0x00007ffce512e000 	C:\Windows\System32\IMM32.DLL
0x0000000057160000 - 0x0000000057232000 	C:\Users\zmlxd\.jdks\corretto-1.8.0_252\jre\bin\msvcr100.dll
0x00000000554d0000 - 0x0000000055d21000 	C:\Users\zmlxd\.jdks\corretto-1.8.0_252\jre\bin\server\jvm.dll
0x00007ffce4a40000 - 0x00007ffce4a48000 	C:\Windows\System32\PSAPI.DLL
0x00007ffcdf8f0000 - 0x00007ffcdf914000 	C:\Windows\SYSTEM32\WINMM.dll
0x00007ffccef90000 - 0x00007ffccef99000 	C:\Windows\SYSTEM32\WSOCK32.dll
0x00007ffcda3f0000 - 0x00007ffcda3fa000 	C:\Windows\SYSTEM32\VERSION.dll
0x00007ffce51f0000 - 0x00007ffce525f000 	C:\Windows\System32\WS2_32.dll
0x00007ffcdf6e0000 - 0x00007ffcdf70d000 	C:\Windows\SYSTEM32\winmmbase.dll
0x00007ffce3150000 - 0x00007ffce319a000 	C:\Windows\System32\cfgmgr32.dll
0x00007ffcde8c0000 - 0x00007ffcde8cf000 	C:\Users\zmlxd\.jdks\corretto-1.8.0_252\jre\bin\verify.dll
0x00007ffcdb970000 - 0x00007ffcdb999000 	C:\Users\zmlxd\.jdks\corretto-1.8.0_252\jre\bin\java.dll
0x00007ffccbd40000 - 0x00007ffccbd63000 	C:\Users\zmlxd\.jdks\corretto-1.8.0_252\jre\bin\instrument.dll
0x00007ffcda1a0000 - 0x00007ffcda1b6000 	C:\Users\zmlxd\.jdks\corretto-1.8.0_252\jre\bin\zip.dll
0x00007ffce3ff0000 - 0x00007ffce46d6000 	C:\Windows\System32\SHELL32.dll
0x00007ffce3a30000 - 0x00007ffce3ad9000 	C:\Windows\System32\shcore.dll
0x00007ffce2930000 - 0x00007ffce30b0000 	C:\Windows\System32\windows.storage.dll
0x00007ffce21b0000 - 0x00007ffce21d3000 	C:\Windows\System32\profapi.dll
0x00007ffce21e0000 - 0x00007ffce222a000 	C:\Windows\System32\powrprof.dll
0x00007ffce2160000 - 0x00007ffce2170000 	C:\Windows\System32\UMPDC.dll
0x00007ffce5190000 - 0x00007ffce51e2000 	C:\Windows\System32\shlwapi.dll
0x00007ffce2170000 - 0x00007ffce2181000 	C:\Windows\System32\kernel.appcore.dll
0x00007ffce2230000 - 0x00007ffce2247000 	C:\Windows\System32\cryptsp.dll
0x00007ffcceeb0000 - 0x00007ffcceeca000 	D:\Program Files\IntelliJ IDEA 2020.1.2\bin\breakgen64.dll
0x00007ffcd1e60000 - 0x00007ffcd1e7a000 	C:\Users\zmlxd\.jdks\corretto-1.8.0_252\jre\bin\net.dll
0x00007ffce19d0000 - 0x00007ffce1a37000 	C:\Windows\system32\mswsock.dll
0x00007ffccf020000 - 0x00007ffccf036000 	C:\Windows\system32\napinsp.dll
0x00007ffccefb0000 - 0x00007ffccefca000 	C:\Windows\system32\pnrpnsp.dll
0x00007ffce1720000 - 0x00007ffce17eb000 	C:\Windows\SYSTEM32\DNSAPI.dll
0x00007ffce4900000 - 0x00007ffce4908000 	C:\Windows\System32\NSI.dll
0x00007ffce16e0000 - 0x00007ffce171a000 	C:\Windows\SYSTEM32\IPHLPAPI.DLL
0x00007ffccefa0000 - 0x00007ffccefae000 	C:\Windows\System32\winrnr.dll
0x00007ffcde5f0000 - 0x00007ffcde60c000 	C:\Windows\system32\NLAapi.dll
0x00007ffccecc0000 - 0x00007ffccecd5000 	C:\Windows\system32\wshbth.dll
0x0000000056ab0000 - 0x0000000056ad6000 	C:\Program Files\Bonjour\mdnsNSP.dll
0x00007ffcda120000 - 0x00007ffcda12a000 	C:\Windows\System32\rasadhlp.dll
0x00007ffcd93b0000 - 0x00007ffcd9427000 	C:\Windows\System32\fwpuclnt.dll
0x00007ffce3320000 - 0x00007ffce3346000 	C:\Windows\System32\bcrypt.dll
0x00007ffccef20000 - 0x00007ffccef32000 	C:\Users\zmlxd\.jdks\corretto-1.8.0_252\jre\bin\nio.dll
0x00007ffce1540000 - 0x00007ffce1573000 	C:\Windows\system32\rsaenh.dll
0x00007ffce2050000 - 0x00007ffce2075000 	C:\Windows\SYSTEM32\USERENV.dll
0x00007ffce1ba0000 - 0x00007ffce1bac000 	C:\Windows\SYSTEM32\CRYPTBASE.dll
0x00007ffcda100000 - 0x00007ffcda116000 	C:\Windows\SYSTEM32\dhcpcsvc6.DLL
0x00007ffcda040000 - 0x00007ffcda05c000 	C:\Windows\SYSTEM32\dhcpcsvc.DLL
0x00007ffcdcc70000 - 0x00007ffcdcc7d000 	C:\Users\zmlxd\.jdks\corretto-1.8.0_252\jre\bin\management.dll

VM Arguments:
jvm_args: -javaagent:D:\Program Files\IntelliJ IDEA 2020.1.2\lib\idea_rt.jar=51325:D:\Program Files\IntelliJ IDEA 2020.1.2\bin -Dfile.encoding=UTF-8 
java_command: wc.WordCount
java_class_path (initial): C:\Users\zmlxd\.jdks\corretto-1.8.0_252\jre\lib\charsets.jar;C:\Users\zmlxd\.jdks\corretto-1.8.0_252\jre\lib\ext\access-bridge-64.jar;C:\Users\zmlxd\.jdks\corretto-1.8.0_252\jre\lib\ext\cldrdata.jar;C:\Users\zmlxd\.jdks\corretto-1.8.0_252\jre\lib\ext\dnsns.jar;C:\Users\zmlxd\.jdks\corretto-1.8.0_252\jre\lib\ext\jaccess.jar;C:\Users\zmlxd\.jdks\corretto-1.8.0_252\jre\lib\ext\jfxrt.jar;C:\Users\zmlxd\.jdks\corretto-1.8.0_252\jre\lib\ext\localedata.jar;C:\Users\zmlxd\.jdks\corretto-1.8.0_252\jre\lib\ext\nashorn.jar;C:\Users\zmlxd\.jdks\corretto-1.8.0_252\jre\lib\ext\sunec.jar;C:\Users\zmlxd\.jdks\corretto-1.8.0_252\jre\lib\ext\sunjce_provider.jar;C:\Users\zmlxd\.jdks\corretto-1.8.0_252\jre\lib\ext\sunmscapi.jar;C:\Users\zmlxd\.jdks\corretto-1.8.0_252\jre\lib\ext\sunpkcs11.jar;C:\Users\zmlxd\.jdks\corretto-1.8.0_252\jre\lib\ext\zipfs.jar;C:\Users\zmlxd\.jdks\corretto-1.8.0_252\jre\lib\jce.jar;C:\Users\zmlxd\.jdks\corretto-1.8.0_252\jre\lib\jfxswt.jar;C:\Users\zmlxd\.jdks\corretto-1.8.0_252\jre\lib\jsse.jar;C:\Users\zmlxd\.jdks\corretto-1.8.0_252\jre\lib\management-agent.jar;C:\Users\zmlxd\.jdks\corretto-1.8.0_252\jre\lib\resources.jar;C:\Users\zmlxd\.jdks\corretto-1.8.0_252\jre\lib\rt.jar;C:\Users\zmlxd\Desktop\xido\note\flink\code\target\classes;C:\Users\zmlxd\.m2\repository\org\apache\flink\flink-scala_2.12\1.10.1\flink-scala_2.12-1.10.1.jar;C:\Users\zmlxd\.m2\repository\org\apache\flink\flink-core\1.10.1\flink-core-1.10.1.jar;C:\Users\zmlxd\.m2\repository\org\apache\flink\flink-annotations\1.10.1\flink-annotations-1.10.1.jar;C:\Users\zmlxd\.m2\repository\org\apache\flink\flink-metrics-core\1.10.1\flink-metrics-core-1.10.1.jar;C:\Users\zmlxd\.m2\repository\org\apache\commons\commons-lang3\3.3.2\commons-lang3-3.3.2.jar;C:\Users\zmlxd\.m2\repository\com\esotericsoftware\kryo\kryo\2.24.0\kryo-2.24.0.jar;C:\Users\zmlxd\.m2\repository\com\esotericsoftware\minlog\minlog\1.2\minlog-1.2.jar;C:\Users\zmlxd\.m2\repository\org\objenesis\objenesis\2.1
Launcher Type: SUN_STANDARD

Environment Variables:
JAVA_HOME=C:\Users\zmlxd\.jdks\corretto-1.8.0_252\bin
PATH=D:\Program Files\xftp\;D:\Program Files\xshell\;C:\Windows\system32;C:\Windows;C:\Windows\System32\Wbem;C:\Windows\System32\WindowsPowerShell\v1.0\;C:\Windows\System32\OpenSSH\;C:\Program Files (x86)\NVIDIA Corporation\PhysX\Common;C:\Program Files\NVIDIA Corporation\NVIDIA NvDLISR;D:\Program Files\Git\cmd;C:\Program Files\python;C:\Program Files\python\Scripts;D:\BtSoft\panel\script;C:\Program Files\PowerShell\7-preview\preview;D:\Program Files\node\;C:\Users\zmlxd\.jdks\corretto-1.8.0_252\bin\java;C:\Users\zmlxd\.jdks\corretto-1.8.0_252\bin\javac;C:\Users\zmlxd\AppData\Local\Programs\Python\Python37\Scripts\;C:\Users\zmlxd\AppData\Local\Programs\Python\Python37\;D:\Program Files\ana;D:\Program Files\ana\Library\mingw-w64\bin;D:\Program Files\ana\Library\usr\bin;D:\Program Files\ana\Library\bin;D:\Program Files\ana\Scripts;C:\Users\zmlxd\AppData\Local\Microsoft\WindowsApps;D:\Program Files\Microsoft VS Code\bin;C:\Users\zmlxd\.deno\bin;C:\Users\zmlxd\AppData\Roaming\npm;D:\Program Files\PyCharm 2020.1.3\bin;;C:\Users\zmlxd\.jdks\corretto-1.8.0_252\bin;C:\Program Files\Bandizip\
USERNAME=zmlxd
OS=Windows_NT
PROCESSOR_IDENTIFIER=AMD64 Family 23 Model 96 Stepping 1, AuthenticAMD



---------------  S Y S T E M  ---------------

OS: Windows 10.0 , 64 bit Build 18362 (10.0.18362.900)

CPU:total 16 (initial active 16) (16 cores per cpu, 1 threads per core) family 23 model 96 stepping 1, cmov, cx8, fxsr, mmx, sse, sse2, sse3, ssse3, sse4.1, sse4.2, popcnt, avx, avx2, aes, clmul, mmxext, 3dnowpref, lzcnt, sse4a, tsc, tscinvbit, tscinv, bmi1

Memory: 4k page, physical 16119108k(4147320k free), swap 21239108k(5132k free)

vm_info: OpenJDK 64-Bit Server VM (25.252-b09) for windows-amd64 JRE (1.8.0_252-b09), built on Apr 17 2020 18:10:37 by "Administrator" with MS VC++ 10.0 (VS2010)

time: Sat Oct 10 00:39:34 2020
timezone: 中国标准时间
elapsed time: 3 seconds (0d 0h 0m 3s)

