#
# There is insufficient memory for the Java Runtime Environment to continue.
# Native memory allocation (malloc) failed to allocate 65552 bytes for Chunk::new
# Possible reasons:
#   The system is out of physical RAM or swap space
#   The process is running with CompressedOops enabled, and the Java Heap may be blocking the growth of the native heap
# Possible solutions:
#   Reduce memory load on the system
#   Increase physical memory or swap space
#   Check if swap backing store is full
#   Decrease Java heap size (-Xmx/-Xms)
#   Decrease number of Java threads
#   Decrease Java thread stack sizes (-Xss)
#   Set larger code cache with -XX:ReservedCodeCacheSize=
#   JVM is running with Zero Based Compressed Oops mode in which the Java heap is
#     placed in the first 32GB address space. The Java Heap base address is the
#     maximum limit for the native heap growth. Please use -XX:HeapBaseMinAddress
#     to set the Java Heap base and to place the Java Heap above 32GB virtual address.
# This output file may be truncated or incomplete.
#
#  Out of Memory Error (allocation.cpp:389), pid=22016, tid=0x000000000000251c
#
# JRE version: OpenJDK Runtime Environment (8.0_252-b09) (build 1.8.0_252-b09)
# Java VM: OpenJDK 64-Bit Server VM (25.252-b09 mixed mode windows-amd64 compressed oops)
# Failed to write core dump. Minidumps are not enabled by default on client versions of Windows
#

---------------  T H R E A D  ---------------

Current thread (0x000000001fc0d800):  JavaThread "C2 CompilerThread0" daemon [_thread_in_native, id=9500, stack(0x0000000020140000,0x0000000020240000)]

Stack: [0x0000000020140000,0x0000000020240000]
[error occurred during error reporting (printing stack bounds), id 0xc0000005]

Native frames: (J=compiled Java code, j=interpreted, Vv=VM code, C=native code)


Current CompileTask:
C2:   5667 4803       4       jdk.internal.org.objectweb.asm.Frame::execute (2252 bytes)


---------------  P R O C E S S  ---------------

Java Threads: ( => current thread )
  0x000000002250c800 JavaThread "CHAIN DataSource (at wc.WordCount$.main(WordCount.scala:17) (org.apache.flink.api.java.io.TextInputFormat)) -> FlatMap (FlatMap at wc.WordCount$.main(WordCount.scala:21)) -> Map (Map at wc.WordCount$.main(WordCount.scala:21)) -> Combine (SUM(1)) (10/16)" [_thread_blocked, id=20376, stack(0x00000000308c0000,0x00000000309c0000)]
  0x000000002250a000 JavaThread "CHAIN DataSource (at wc.WordCount$.main(WordCount.scala:17) (org.apache.flink.api.java.io.TextInputFormat)) -> FlatMap (FlatMap at wc.WordCount$.main(WordCount.scala:21)) -> Map (Map at wc.WordCount$.main(WordCount.scala:21)) -> Combine (SUM(1)) (16/16)" [_thread_in_vm, id=15056, stack(0x00000000307c0000,0x00000000308c0000)]
  0x000000002250b800 JavaThread "CHAIN DataSource (at wc.WordCount$.main(WordCount.scala:17) (org.apache.flink.api.java.io.TextInputFormat)) -> FlatMap (FlatMap at wc.WordCount$.main(WordCount.scala:21)) -> Map (Map at wc.WordCount$.main(WordCount.scala:21)) -> Combine (SUM(1)) (12/16)" [_thread_blocked, id=21576, stack(0x00000000306c0000,0x00000000307c0000)]
  0x000000002250e000 JavaThread "CHAIN DataSource (at wc.WordCount$.main(WordCount.scala:17) (org.apache.flink.api.java.io.TextInputFormat)) -> FlatMap (FlatMap at wc.WordCount$.main(WordCount.scala:21)) -> Map (Map at wc.WordCount$.main(WordCount.scala:21)) -> Combine (SUM(1)) (8/16)" [_thread_blocked, id=10220, stack(0x00000000305c0000,0x00000000306c0000)]
  0x000000002250b000 JavaThread "CHAIN DataSource (at wc.WordCount$.main(WordCount.scala:17) (org.apache.flink.api.java.io.TextInputFormat)) -> FlatMap (FlatMap at wc.WordCount$.main(WordCount.scala:21)) -> Map (Map at wc.WordCount$.main(WordCount.scala:21)) -> Combine (SUM(1)) (2/16)" [_thread_blocked, id=20488, stack(0x00000000304c0000,0x00000000305c0000)]
  0x000000002250f000 JavaThread "CHAIN DataSource (at wc.WordCount$.main(WordCount.scala:17) (org.apache.flink.api.java.io.TextInputFormat)) -> FlatMap (FlatMap at wc.WordCount$.main(WordCount.scala:21)) -> Map (Map at wc.WordCount$.main(WordCount.scala:21)) -> Combine (SUM(1)) (11/16)" [_thread_blocked, id=19692, stack(0x00000000303c0000,0x00000000304c0000)]
  0x0000000022502800 JavaThread "CHAIN DataSource (at wc.WordCount$.main(WordCount.scala:17) (org.apache.flink.api.java.io.TextInputFormat)) -> FlatMap (FlatMap at wc.WordCount$.main(WordCount.scala:21)) -> Map (Map at wc.WordCount$.main(WordCount.scala:21)) -> Combine (SUM(1)) (9/16)" [_thread_blocked, id=1916, stack(0x00000000302c0000,0x00000000303c0000)]
  0x0000000022508800 JavaThread "CHAIN DataSource (at wc.WordCount$.main(WordCount.scala:17) (org.apache.flink.api.java.io.TextInputFormat)) -> FlatMap (FlatMap at wc.WordCount$.main(WordCount.scala:21)) -> Map (Map at wc.WordCount$.main(WordCount.scala:21)) -> Combine (SUM(1)) (1/16)" [_thread_blocked, id=18476, stack(0x00000000301c0000,0x00000000302c0000)]
  0x0000000022502000 JavaThread "CHAIN DataSource (at wc.WordCount$.main(WordCount.scala:17) (org.apache.flink.api.java.io.TextInputFormat)) -> FlatMap (FlatMap at wc.WordCount$.main(WordCount.scala:21)) -> Map (Map at wc.WordCount$.main(WordCount.scala:21)) -> Combine (SUM(1)) (15/16)" [_thread_blocked, id=21124, stack(0x00000000300c0000,0x00000000301c0000)]
  0x0000000022501000 JavaThread "CHAIN DataSource (at wc.WordCount$.main(WordCount.scala:17) (org.apache.flink.api.java.io.TextInputFormat)) -> FlatMap (FlatMap at wc.WordCount$.main(WordCount.scala:21)) -> Map (Map at wc.WordCount$.main(WordCount.scala:21)) -> Combine (SUM(1)) (6/16)" [_thread_blocked, id=17768, stack(0x000000002ffc0000,0x00000000300c0000)]
  0x0000000022507000 JavaThread "CHAIN DataSource (at wc.WordCount$.main(WordCount.scala:17) (org.apache.flink.api.java.io.TextInputFormat)) -> FlatMap (FlatMap at wc.WordCount$.main(WordCount.scala:21)) -> Map (Map at wc.WordCount$.main(WordCount.scala:21)) -> Combine (SUM(1)) (4/16)" [_thread_blocked, id=10460, stack(0x000000002fec0000,0x000000002ffc0000)]
  0x0000000022506800 JavaThread "CHAIN DataSource (at wc.WordCount$.main(WordCount.scala:17) (org.apache.flink.api.java.io.TextInputFormat)) -> FlatMap (FlatMap at wc.WordCount$.main(WordCount.scala:21)) -> Map (Map at wc.WordCount$.main(WordCount.scala:21)) -> Combine (SUM(1)) (13/16)" [_thread_blocked, id=17656, stack(0x000000002fdc0000,0x000000002fec0000)]
  0x0000000022505800 JavaThread "CHAIN DataSource (at wc.WordCount$.main(WordCount.scala:17) (org.apache.flink.api.java.io.TextInputFormat)) -> FlatMap (FlatMap at wc.WordCount$.main(WordCount.scala:21)) -> Map (Map at wc.WordCount$.main(WordCount.scala:21)) -> Combine (SUM(1)) (3/16)" [_thread_in_Java, id=15452, stack(0x000000002fcc0000,0x000000002fdc0000)]
  0x0000000022508000 JavaThread "CHAIN DataSource (at wc.WordCount$.main(WordCount.scala:17) (org.apache.flink.api.java.io.TextInputFormat)) -> FlatMap (FlatMap at wc.WordCount$.main(WordCount.scala:21)) -> Map (Map at wc.WordCount$.main(WordCount.scala:21)) -> Combine (SUM(1)) (5/16)" [_thread_in_Java, id=22228, stack(0x000000002fbc0000,0x000000002fcc0000)]
  0x0000000022505000 JavaThread "CHAIN DataSource (at wc.WordCount$.main(WordCount.scala:17) (org.apache.flink.api.java.io.TextInputFormat)) -> FlatMap (FlatMap at wc.WordCount$.main(WordCount.scala:21)) -> Map (Map at wc.WordCount$.main(WordCount.scala:21)) -> Combine (SUM(1)) (7/16)" [_thread_in_vm, id=18224, stack(0x000000002fac0000,0x000000002fbc0000)]
  0x0000000022503800 JavaThread "CHAIN DataSource (at wc.WordCount$.main(WordCount.scala:17) (org.apache.flink.api.java.io.TextInputFormat)) -> FlatMap (FlatMap at wc.WordCount$.main(WordCount.scala:21)) -> Map (Map at wc.WordCount$.main(WordCount.scala:21)) -> Combine (SUM(1)) (14/16)" [_thread_blocked, id=21236, stack(0x000000002f8c0000,0x000000002f9c0000)]
  0x0000000022504000 JavaThread "Flink-MetricRegistry-thread-1" daemon [_thread_blocked, id=13444, stack(0x000000002f7c0000,0x000000002f8c0000)]
  0x00000000224ff800 JavaThread "jobmanager-future-thread-16" daemon [_thread_blocked, id=4552, stack(0x000000002f6c0000,0x000000002f7c0000)]
  0x0000000025d5f800 JavaThread "jobmanager-future-thread-15" daemon [_thread_blocked, id=1700, stack(0x000000002f5c0000,0x000000002f6c0000)]
  0x0000000025d5f000 JavaThread "jobmanager-future-thread-14" daemon [_thread_blocked, id=17808, stack(0x000000002f4c0000,0x000000002f5c0000)]
  0x0000000025d5e000 JavaThread "jobmanager-future-thread-13" daemon [_thread_blocked, id=16740, stack(0x000000002f3c0000,0x000000002f4c0000)]
  0x0000000025d5c800 JavaThread "jobmanager-future-thread-12" daemon [_thread_blocked, id=21916, stack(0x000000002f2c0000,0x000000002f3c0000)]
  0x0000000025d5c000 JavaThread "jobmanager-future-thread-11" daemon [_thread_blocked, id=13420, stack(0x000000002f1c0000,0x000000002f2c0000)]
  0x0000000025d5b000 JavaThread "jobmanager-future-thread-10" daemon [_thread_blocked, id=5772, stack(0x000000002f0c0000,0x000000002f1c0000)]
  0x0000000025d5d800 JavaThread "jobmanager-future-thread-9" daemon [_thread_blocked, id=21096, stack(0x000000002efc0000,0x000000002f0c0000)]
  0x0000000025d61000 JavaThread "jobmanager-future-thread-8" daemon [_thread_blocked, id=16532, stack(0x000000002eec0000,0x000000002efc0000)]
  0x0000000025d60800 JavaThread "jobmanager-future-thread-7" daemon [_thread_blocked, id=1000, stack(0x000000002edc0000,0x000000002eec0000)]
  0x0000000025d53800 JavaThread "jobmanager-future-thread-6" daemon [_thread_blocked, id=17740, stack(0x000000002ecc0000,0x000000002edc0000)]
  0x0000000025d5a800 JavaThread "jobmanager-future-thread-5" daemon [_thread_blocked, id=17412, stack(0x000000002ebc0000,0x000000002ecc0000)]
  0x0000000025d52800 JavaThread "jobmanager-future-thread-4" daemon [_thread_blocked, id=8248, stack(0x000000002eac0000,0x000000002ebc0000)]
  0x0000000025d59800 JavaThread "mini-cluster-io-thread-16" daemon [_thread_blocked, id=21672, stack(0x000000002e9c0000,0x000000002eac0000)]
  0x0000000025d52000 JavaThread "mini-cluster-io-thread-15" daemon [_thread_blocked, id=21876, stack(0x000000002e8c0000,0x000000002e9c0000)]
  0x0000000025d59000 JavaThread "mini-cluster-io-thread-14" daemon [_thread_blocked, id=16408, stack(0x000000002e7c0000,0x000000002e8c0000)]
  0x0000000025d56800 JavaThread "pool-1-thread-1" [_thread_blocked, id=5396, stack(0x000000002e6c0000,0x000000002e7c0000)]
  0x0000000025d58000 JavaThread "jobmanager-future-thread-3" daemon [_thread_blocked, id=19840, stack(0x000000002e5c0000,0x000000002e6c0000)]
  0x0000000025d55000 JavaThread "mini-cluster-io-thread-13" daemon [_thread_blocked, id=5180, stack(0x000000002e4c0000,0x000000002e5c0000)]
  0x0000000025d57800 JavaThread "jobmanager-future-thread-2" daemon [_thread_blocked, id=21324, stack(0x000000002e3c0000,0x000000002e4c0000)]
  0x0000000025d56000 JavaThread "FlinkCompletableFutureDelayScheduler-thread-1" daemon [_thread_blocked, id=19772, stack(0x000000002e2c0000,0x000000002e3c0000)]
  0x0000000025d54800 JavaThread "mini-cluster-io-thread-12" daemon [_thread_blocked, id=12188, stack(0x000000002e1c0000,0x000000002e2c0000)]
  0x0000000024818000 JavaThread "mini-cluster-io-thread-11" daemon [_thread_blocked, id=5232, stack(0x000000002e0c0000,0x000000002e1c0000)]
  0x0000000024817800 JavaThread "mini-cluster-io-thread-10" daemon [_thread_blocked, id=22188, stack(0x000000002ddc0000,0x000000002dec0000)]
  0x0000000024816000 JavaThread "mini-cluster-io-thread-9" daemon [_thread_blocked, id=15756, stack(0x000000002dcc0000,0x000000002ddc0000)]
  0x0000000024815000 JavaThread "jobmanager-future-thread-1" daemon [_thread_blocked, id=17120, stack(0x000000002dbc0000,0x000000002dcc0000)]
  0x0000000024816800 JavaThread "flink-akka.actor.default-dispatcher-5" [_thread_blocked, id=18608, stack(0x000000002dac0000,0x000000002dbc0000)]
  0x0000000024813800 JavaThread "mini-cluster-io-thread-8" daemon [_thread_blocked, id=2248, stack(0x000000002d9c0000,0x000000002dac0000)]
  0x0000000024819800 JavaThread "mini-cluster-io-thread-7" daemon [_thread_blocked, id=5340, stack(0x000000002d8c0000,0x000000002d9c0000)]
  0x000000002481a800 JavaThread "mini-cluster-io-thread-6" daemon [_thread_blocked, id=19228, stack(0x000000002d7c0000,0x000000002d8c0000)]
  0x0000000024814800 JavaThread "mini-cluster-io-thread-5" daemon [_thread_blocked, id=7588, stack(0x000000002d6c0000,0x000000002d7c0000)]
  0x0000000024819000 JavaThread "mini-cluster-io-thread-4" daemon [_thread_blocked, id=21264, stack(0x000000002d4c0000,0x000000002d5c0000)]
  0x000000002480c000 JavaThread "mini-cluster-io-thread-3" daemon [_thread_blocked, id=4308, stack(0x000000002d3c0000,0x000000002d4c0000)]
  0x0000000024813000 JavaThread "mini-cluster-io-thread-2" daemon [_thread_blocked, id=22172, stack(0x000000002d2c0000,0x000000002d3c0000)]
  0x0000000024812000 JavaThread "Flink-DispatcherRestEndpoint-thread-1" daemon [_thread_blocked, id=18592, stack(0x000000002d1c0000,0x000000002d2c0000)]
  0x0000000024811800 JavaThread "mini-cluster-io-thread-1" daemon [_thread_blocked, id=18472, stack(0x000000002cec0000,0x000000002cfc0000)]
  0x000000002480e800 JavaThread "flink-rest-server-netty-boss-thread-1" daemon [_thread_in_native, id=12200, stack(0x000000002cdc0000,0x000000002cec0000)]
  0x000000002480d800 JavaThread "IOManager reader thread #1" daemon [_thread_blocked, id=9996, stack(0x0000000028680000,0x0000000028780000)]
  0x0000000024810800 JavaThread "IOManager writer thread #1" daemon [_thread_blocked, id=848, stack(0x0000000028580000,0x0000000028680000)]
  0x0000000024810000 JavaThread "Timer-2" daemon [_thread_blocked, id=17660, stack(0x0000000028480000,0x0000000028580000)]
  0x000000002480f000 JavaThread "Timer-1" daemon [_thread_blocked, id=6132, stack(0x0000000028380000,0x0000000028480000)]
  0x000000002480b000 JavaThread "BLOB Server listener at 50925" daemon [_thread_in_native, id=18724, stack(0x0000000028280000,0x0000000028380000)]
  0x000000002480c800 JavaThread "Timer-0" daemon [_thread_blocked, id=19864, stack(0x0000000028180000,0x0000000028280000)]
  0x000000001fc99800 JavaThread "flink-metrics-akka.remote.default-remote-dispatcher-13" [_thread_blocked, id=21644, stack(0x0000000027e80000,0x0000000027f80000)]
  0x000000001fc98800 JavaThread "flink-metrics-akka.remote.default-remote-dispatcher-12" [_thread_blocked, id=3864, stack(0x0000000027d80000,0x0000000027e80000)]
  0x000000001fc98000 JavaThread "New I/O server boss #6" [_thread_in_native, id=21520, stack(0x0000000027c80000,0x0000000027d80000)]
  0x000000001fc9e800 JavaThread "New I/O worker #5" [_thread_in_native, id=10704, stack(0x0000000027b80000,0x0000000027c80000)]
  0x000000001fc9e000 JavaThread "New I/O worker #4" [_thread_in_native, id=10636, stack(0x0000000027a80000,0x0000000027b80000)]
  0x000000001fc9d000 JavaThread "New I/O boss #3" [_thread_in_native, id=16528, stack(0x0000000027980000,0x0000000027a80000)]
  0x000000001fc9b000 JavaThread "New I/O worker #2" [_thread_in_native, id=20360, stack(0x0000000027880000,0x0000000027980000)]
  0x0000000023f6e000 JavaThread "New I/O worker #1" [_thread_in_native, id=2264, stack(0x0000000027780000,0x0000000027880000)]
  0x0000000024b35800 JavaThread "flink-metrics-akka.remote.default-remote-dispatcher-4" [_thread_blocked, id=22244, stack(0x0000000027480000,0x0000000027580000)]
  0x000000002423a000 JavaThread "flink-metrics-akka.remote.default-remote-dispatcher-3" [_thread_blocked, id=18112, stack(0x0000000027380000,0x0000000027480000)]
  0x0000000024b47800 JavaThread "flink-metrics-2" [_thread_blocked, id=22164, stack(0x0000000027280000,0x0000000027380000)]
  0x0000000023e72000 JavaThread "flink-metrics-scheduler-1" [_thread_blocked, id=9416, stack(0x0000000027180000,0x0000000027280000)]
  0x000000001dd7c000 JavaThread "flink-akka.actor.default-dispatcher-4" [_thread_blocked, id=19352, stack(0x0000000026e80000,0x0000000026f80000)]
  0x000000001dce6000 JavaThread "flink-akka.actor.default-dispatcher-3" [_thread_blocked, id=6504, stack(0x0000000026d80000,0x0000000026e80000)]
  0x000000002125b000 JavaThread "flink-akka.actor.default-dispatcher-2" [_thread_blocked, id=17368, stack(0x0000000026a80000,0x0000000026b80000)]
  0x000000002486a800 JavaThread "flink-scheduler-1" [_thread_blocked, id=19088, stack(0x00000000259b0000,0x0000000025ab0000)]
  0x000000001fcf6800 JavaThread "Service Thread" daemon [_thread_blocked, id=12852, stack(0x0000000020e40000,0x0000000020f40000)]
  0x000000001fc9a000 JavaThread "C1 CompilerThread11" daemon [_thread_blocked, id=15788, stack(0x0000000020d40000,0x0000000020e40000)]
  0x000000001fc9c800 JavaThread "C1 CompilerThread10" daemon [_thread_blocked, id=5980, stack(0x0000000020c40000,0x0000000020d40000)]
  0x000000001fc9b800 JavaThread "C1 CompilerThread9" daemon [_thread_blocked, id=20760, stack(0x0000000020b40000,0x0000000020c40000)]
  0x000000001fc8c800 JavaThread "C1 CompilerThread8" daemon [_thread_blocked, id=13448, stack(0x0000000020940000,0x0000000020a40000)]
  0x000000001fc5f000 JavaThread "C2 CompilerThread7" daemon [_thread_blocked, id=19612, stack(0x0000000020840000,0x0000000020940000)]
  0x000000001fc4e000 JavaThread "C2 CompilerThread6" daemon [_thread_blocked, id=16712, stack(0x0000000020740000,0x0000000020840000)]
  0x000000001fc23800 JavaThread "C2 CompilerThread5" daemon [_thread_blocked, id=19836, stack(0x0000000020640000,0x0000000020740000)]
  0x000000001fc1a800 JavaThread "C2 CompilerThread4" daemon [_thread_blocked, id=188, stack(0x0000000020540000,0x0000000020640000)]
  0x000000001fc12000 JavaThread "C2 CompilerThread3" daemon [_thread_blocked, id=22524, stack(0x0000000020440000,0x0000000020540000)]
  0x000000001fc11000 JavaThread "C2 CompilerThread2" daemon [_thread_in_native, id=5404, stack(0x0000000020340000,0x0000000020440000)]
  0x000000001fc10800 JavaThread "C2 CompilerThread1" daemon [_thread_blocked, id=8000, stack(0x0000000020240000,0x0000000020340000)]
=>0x000000001fc0d800 JavaThread "C2 CompilerThread0" daemon [_thread_in_native, id=9500, stack(0x0000000020140000,0x0000000020240000)]
  0x000000001fc09000 JavaThread "Monitor Ctrl-Break" daemon [_thread_in_native, id=3948, stack(0x0000000020040000,0x0000000020140000)]
  0x000000001dca5800 JavaThread "Attach Listener" daemon [_thread_blocked, id=6104, stack(0x000000001f740000,0x000000001f840000)]
  0x000000001dc4d000 JavaThread "Signal Dispatcher" daemon [_thread_blocked, id=21344, stack(0x000000001f640000,0x000000001f740000)]
  0x000000001c1a8800 JavaThread "Finalizer" daemon [_thread_blocked, id=22064, stack(0x000000001f4a0000,0x000000001f5a0000)]
  0x000000001dc26000 JavaThread "Reference Handler" daemon [_thread_blocked, id=17572, stack(0x000000001f3a0000,0x000000001f4a0000)]
  0x0000000002563000 JavaThread "main" [_thread_blocked, id=22144, stack(0x0000000002460000,0x0000000002560000)]

Other Threads:
  0x000000001dc05800 VMThread [stack: 0x000000001f2a0000,0x000000001f3a0000] [id=21512]
  0x000000001fce2800 WatcherThread [stack: 0x0000000020f40000,0x0000000021040000] [id=17208]

VM state:at safepoint (normal execution)

VM Mutex/Monitor currently owned by a thread:  ([mutex/lock_event])
[0x000000000245e2e0] Threads_lock - owner thread: 0x000000001dc05800
[0x00000000025615d0] Heap_lock - owner thread: 0x000000001fc9b800
[0x0000000002561dd0] MethodData_lock - owner thread: 0x000000001fc9b800

OutOfMemory and StackOverflow Exception counts:
OutOfMemoryError java_heap_errors=16

heap address: 0x00000006ca000000, size: 3936 MB, Compressed Oops mode: Zero based, Oop shift amount: 3
Narrow klass base: 0x0000000000000000, Narrow klass shift: 3
Compressed class space size: 1073741824 Address: 0x00000007c0000000

Heap:
 PSYoungGen      total 130048K, used 41661K [0x000000076e000000, 0x0000000777180000, 0x00000007c0000000)
  eden space 118784K, 25% used [0x000000076e000000,0x000000076fdb6bf8,0x0000000775400000)
  from space 11264K, 99% used [0x0000000776200000,0x0000000776cf8a68,0x0000000776d00000)
  to   space 14336K, 55% used [0x0000000775400000,0x0000000775bb63b8,0x0000000776200000)
 ParOldGen       total 173568K, used 17773K [0x00000006ca000000, 0x00000006d4980000, 0x000000076e000000)
  object space 173568K, 10% used [0x00000006ca000000,0x00000006cb15b6f8,0x00000006d4980000)
 Metaspace       used 54368K, capacity 58628K, committed 58752K, reserved 1103872K
  class space    used 7625K, capacity 8254K, committed 8320K, reserved 1048576K

Card table byte_map: [0x0000000011b20000,0x00000000122e0000] byte_map_base: 0x000000000e4d0000

Marking Bits: (ParMarkBitMap*) 0x0000000055ca50b0
 Begin Bits: [0x0000000013500000, 0x0000000017280000)
 End Bits:   [0x0000000017280000, 0x000000001b000000)

Polling page: 0x00000000004e0000

CodeCache: size=245760Kb used=14196Kb max_used=14818Kb free=231563Kb
 bounds [0x0000000002760000, 0x00000000035e0000, 0x0000000011760000]
 total_blobs=4975 nmethods=4423 adapters=461
 compilation: enabled

Compilation events (10 events):
Event: 5.665 Thread 0x000000001fc8c800 4986       3       org.slf4j.helpers.NOPLogger::debug (1 bytes)
Event: 5.665 Thread 0x000000001fc9b800 4987       3       org.apache.flink.util.Preconditions::checkArgument (18 bytes)
Event: 5.665 Thread 0x000000001fc9c800 4988       1       org.apache.flink.runtime.io.network.partition.ResultPartition::getOwningTaskName (5 bytes)
Event: 5.665 Thread 0x000000001fc8c800 nmethod 4986 0x0000000002de5e90 code [0x0000000002de5fe0, 0x0000000002de6130]
Event: 5.665 Thread 0x000000001fc9c800 nmethod 4988 0x0000000002de5bd0 code [0x0000000002de5d20, 0x0000000002de5e30]
Event: 5.665 Thread 0x000000001fc9c800 4989       3       java.util.HashMap::removeNode (291 bytes)
Event: 5.665 Thread 0x000000001fc8c800 4990       3       org.apache.flink.util.MathUtils::checkedDownCast (44 bytes)
Event: 5.665 Thread 0x000000001fc9a000 4996       3       org.apache.flink.runtime.io.AvailabilityProvider::isAvailable (27 bytes)
Event: 5.665 Thread 0x000000001fc9b800 nmethod 4987 0x0000000002de5710 code [0x0000000002de5880, 0x0000000002de5ad8]
Event: 5.665 Thread 0x000000001fc9b800 4991   !   3       org.apache.flink.runtime.io.network.partition.PipelinedSubpartition::release (114 bytes)

GC Heap History (10 events):
Event: 2.580 GC heap before
{Heap before GC invocations=4 (full 1):
 PSYoungGen      total 73728K, used 63488K [0x000000076e000000, 0x0000000773200000, 0x00000007c0000000)
  eden space 63488K, 100% used [0x000000076e000000,0x0000000771e00000,0x0000000771e00000)
  from space 10240K, 0% used [0x0000000772800000,0x0000000772800000,0x0000000773200000)
  to   space 10240K, 0% used [0x0000000771e00000,0x0000000771e00000,0x0000000772800000)
 ParOldGen       total 104448K, used 7033K [0x00000006ca000000, 0x00000006d0600000, 0x000000076e000000)
  object space 104448K, 6% used [0x00000006ca000000,0x00000006ca6de6d8,0x00000006d0600000)
 Metaspace       used 28012K, capacity 29264K, committed 29440K, reserved 1075200K
  class space    used 3905K, capacity 4061K, committed 4096K, reserved 1048576K
Event: 2.585 GC heap after
Heap after GC invocations=4 (full 1):
 PSYoungGen      total 73728K, used 9280K [0x000000076e000000, 0x0000000774c00000, 0x00000007c0000000)
  eden space 63488K, 0% used [0x000000076e000000,0x000000076e000000,0x0000000771e00000)
  from space 10240K, 90% used [0x0000000771e00000,0x00000007727100b8,0x0000000772800000)
  to   space 10240K, 0% used [0x0000000774200000,0x0000000774200000,0x0000000774c00000)
 ParOldGen       total 104448K, used 7041K [0x00000006ca000000, 0x00000006d0600000, 0x000000076e000000)
  object space 104448K, 6% used [0x00000006ca000000,0x00000006ca6e06d8,0x00000006d0600000)
 Metaspace       used 28012K, capacity 29264K, committed 29440K, reserved 1075200K
  class space    used 3905K, capacity 4061K, committed 4096K, reserved 1048576K
}
Event: 3.074 GC heap before
{Heap before GC invocations=5 (full 1):
 PSYoungGen      total 73728K, used 49602K [0x000000076e000000, 0x0000000774c00000, 0x00000007c0000000)
  eden space 63488K, 63% used [0x000000076e000000,0x0000000770760790,0x0000000771e00000)
  from space 10240K, 90% used [0x0000000771e00000,0x00000007727100b8,0x0000000772800000)
  to   space 10240K, 0% used [0x0000000774200000,0x0000000774200000,0x0000000774c00000)
 ParOldGen       total 104448K, used 7041K [0x00000006ca000000, 0x00000006d0600000, 0x000000076e000000)
  object space 104448K, 6% used [0x00000006ca000000,0x00000006ca6e06d8,0x00000006d0600000)
 Metaspace       used 33679K, capacity 35340K, committed 35496K, reserved 1079296K
  class space    used 4542K, capacity 4763K, committed 4864K, reserved 1048576K
Event: 3.079 GC heap after
Heap after GC invocations=5 (full 1):
 PSYoungGen      total 100352K, used 10055K [0x000000076e000000, 0x0000000774e00000, 0x00000007c0000000)
  eden space 90112K, 0% used [0x000000076e000000,0x000000076e000000,0x0000000773800000)
  from space 10240K, 98% used [0x0000000774200000,0x0000000774bd1c20,0x0000000774c00000)
  to   space 10240K, 0% used [0x0000000773800000,0x0000000773800000,0x0000000774200000)
 ParOldGen       total 104448K, used 7049K [0x00000006ca000000, 0x00000006d0600000, 0x000000076e000000)
  object space 104448K, 6% used [0x00000006ca000000,0x00000006ca6e26d8,0x00000006d0600000)
 Metaspace       used 33679K, capacity 35340K, committed 35496K, reserved 1079296K
  class space    used 4542K, capacity 4763K, committed 4864K, reserved 1048576K
}
Event: 3.079 GC heap before
{Heap before GC invocations=6 (full 2):
 PSYoungGen      total 100352K, used 10055K [0x000000076e000000, 0x0000000774e00000, 0x00000007c0000000)
  eden space 90112K, 0% used [0x000000076e000000,0x000000076e000000,0x0000000773800000)
  from space 10240K, 98% used [0x0000000774200000,0x0000000774bd1c20,0x0000000774c00000)
  to   space 10240K, 0% used [0x0000000773800000,0x0000000773800000,0x0000000774200000)
 ParOldGen       total 104448K, used 7049K [0x00000006ca000000, 0x00000006d0600000, 0x000000076e000000)
  object space 104448K, 6% used [0x00000006ca000000,0x00000006ca6e26d8,0x00000006d0600000)
 Metaspace       used 33679K, capacity 35340K, committed 35496K, reserved 1079296K
  class space    used 4542K, capacity 4763K, committed 4864K, reserved 1048576K
Event: 3.106 GC heap after
Heap after GC invocations=6 (full 2):
 PSYoungGen      total 100352K, used 0K [0x000000076e000000, 0x0000000774e00000, 0x00000007c0000000)
  eden space 90112K, 0% used [0x000000076e000000,0x000000076e000000,0x0000000773800000)
  from space 10240K, 0% used [0x0000000774200000,0x0000000774200000,0x0000000774c00000)
  to   space 10240K, 0% used [0x0000000773800000,0x0000000773800000,0x0000000774200000)
 ParOldGen       total 173568K, used 13906K [0x00000006ca000000, 0x00000006d4980000, 0x000000076e000000)
  object space 173568K, 8% used [0x00000006ca000000,0x00000006cad94800,0x00000006d4980000)
 Metaspace       used 33679K, capacity 35340K, committed 35496K, reserved 1079296K
  class space    used 4542K, capacity 4763K, committed 4864K, reserved 1048576K
}
Event: 4.116 GC heap before
{Heap before GC invocations=7 (full 2):
 PSYoungGen      total 100352K, used 90112K [0x000000076e000000, 0x0000000774e00000, 0x00000007c0000000)
  eden space 90112K, 100% used [0x000000076e000000,0x0000000773800000,0x0000000773800000)
  from space 10240K, 0% used [0x0000000774200000,0x0000000774200000,0x0000000774c00000)
  to   space 10240K, 0% used [0x0000000773800000,0x0000000773800000,0x0000000774200000)
 ParOldGen       total 173568K, used 13906K [0x00000006ca000000, 0x00000006d4980000, 0x000000076e000000)
  object space 173568K, 8% used [0x00000006ca000000,0x00000006cad94800,0x00000006d4980000)
 Metaspace       used 42889K, capacity 45314K, committed 45440K, reserved 1089536K
  class space    used 5877K, capacity 6159K, committed 6272K, reserved 1048576K
Event: 4.123 GC heap after
Heap after GC invocations=7 (full 2):
 PSYoungGen      total 100352K, used 9755K [0x000000076e000000, 0x0000000776d00000, 0x00000007c0000000)
  eden space 90112K, 0% used [0x000000076e000000,0x000000076e000000,0x0000000773800000)
  from space 10240K, 95% used [0x0000000773800000,0x0000000774186e18,0x0000000774200000)
  to   space 11264K, 0% used [0x0000000776200000,0x0000000776200000,0x0000000776d00000)
 ParOldGen       total 173568K, used 13914K [0x00000006ca000000, 0x00000006d4980000, 0x000000076e000000)
  object space 173568K, 8% used [0x00000006ca000000,0x00000006cad96800,0x00000006d4980000)
 Metaspace       used 42889K, capacity 45314K, committed 45440K, reserved 1089536K
  class space    used 5877K, capacity 6159K, committed 6272K, reserved 1048576K
}
Event: 5.491 GC heap before
{Heap before GC invocations=8 (full 2):
 PSYoungGen      total 100352K, used 99867K [0x000000076e000000, 0x0000000776d00000, 0x00000007c0000000)
  eden space 90112K, 100% used [0x000000076e000000,0x0000000773800000,0x0000000773800000)
  from space 10240K, 95% used [0x0000000773800000,0x0000000774186e18,0x0000000774200000)
  to   space 11264K, 0% used [0x0000000776200000,0x0000000776200000,0x0000000776d00000)
 ParOldGen       total 173568K, used 13914K [0x00000006ca000000, 0x00000006d4980000, 0x000000076e000000)
  object space 173568K, 8% used [0x00000006ca000000,0x00000006cad96800,0x00000006d4980000)
 Metaspace       used 52213K, capacity 55424K, committed 55552K, reserved 1097728K
  class space    used 7195K, capacity 7580K, committed 7680K, reserved 1048576K
Event: 5.499 GC heap after
Heap after GC invocations=8 (full 2):
 PSYoungGen      total 130048K, used 11234K [0x000000076e000000, 0x0000000777180000, 0x00000007c0000000)
  eden space 118784K, 0% used [0x000000076e000000,0x000000076e000000,0x0000000775400000)
  from space 11264K, 99% used [0x0000000776200000,0x0000000776cf8a68,0x0000000776d00000)
  to   space 14336K, 0% used [0x0000000775400000,0x0000000775400000,0x0000000776200000)
 ParOldGen       total 173568K, used 17765K [0x00000006ca000000, 0x00000006d4980000, 0x000000076e000000)
  object space 173568K, 10% used [0x00000006ca000000,0x00000006cb1596f8,0x00000006d4980000)
 Metaspace       used 52213K, capacity 55424K, committed 55552K, reserved 1097728K
  class space    used 7195K, capacity 7580K, committed 7680K, reserved 1048576K
}

Deoptimization events (10 events):
Event: 5.633 Thread 0x000000002250b000 Uncommon trap: reason=speculate_class_check action=maybe_recompile pc=0x0000000002ee1ce8 method=java.lang.invoke.LambdaForm$MH/654845766.linkToTargetMethod(Ljava/lang/Object;Ljava/lang/Object;)Ljava/lang/Object; @ 1
Event: 5.633 Thread 0x000000002250c800 Uncommon trap: reason=speculate_class_check action=maybe_recompile pc=0x0000000002ee1ce8 method=java.lang.invoke.LambdaForm$MH/654845766.linkToTargetMethod(Ljava/lang/Object;Ljava/lang/Object;)Ljava/lang/Object; @ 1
Event: 5.633 Thread 0x0000000022501000 Uncommon trap: reason=speculate_class_check action=maybe_recompile pc=0x0000000002ee1ce8 method=java.lang.invoke.LambdaForm$MH/654845766.linkToTargetMethod(Ljava/lang/Object;Ljava/lang/Object;)Ljava/lang/Object; @ 1
Event: 5.633 Thread 0x0000000022508800 Uncommon trap: reason=speculate_class_check action=maybe_recompile pc=0x0000000002ee1ce8 method=java.lang.invoke.LambdaForm$MH/654845766.linkToTargetMethod(Ljava/lang/Object;Ljava/lang/Object;)Ljava/lang/Object; @ 1
Event: 5.633 Thread 0x000000002250b800 Uncommon trap: reason=speculate_class_check action=maybe_recompile pc=0x0000000002ee1ce8 method=java.lang.invoke.LambdaForm$MH/654845766.linkToTargetMethod(Ljava/lang/Object;Ljava/lang/Object;)Ljava/lang/Object; @ 1
Event: 5.633 Thread 0x0000000022505800 Uncommon trap: reason=speculate_class_check action=maybe_recompile pc=0x0000000002ee1ce8 method=java.lang.invoke.LambdaForm$MH/654845766.linkToTargetMethod(Ljava/lang/Object;Ljava/lang/Object;)Ljava/lang/Object; @ 1
Event: 5.633 Thread 0x0000000022508000 Uncommon trap: reason=speculate_class_check action=maybe_recompile pc=0x0000000002ee1ce8 method=java.lang.invoke.LambdaForm$MH/654845766.linkToTargetMethod(Ljava/lang/Object;Ljava/lang/Object;)Ljava/lang/Object; @ 1
Event: 5.633 Thread 0x000000002250e000 Uncommon trap: reason=speculate_class_check action=maybe_recompile pc=0x0000000002ee1ce8 method=java.lang.invoke.LambdaForm$MH/654845766.linkToTargetMethod(Ljava/lang/Object;Ljava/lang/Object;)Ljava/lang/Object; @ 1
Event: 5.633 Thread 0x000000002250a000 Uncommon trap: reason=speculate_class_check action=maybe_recompile pc=0x0000000002ee1ce8 method=java.lang.invoke.LambdaForm$MH/654845766.linkToTargetMethod(Ljava/lang/Object;Ljava/lang/Object;)Ljava/lang/Object; @ 1
Event: 5.633 Thread 0x000000002250f000 Uncommon trap: reason=speculate_class_check action=maybe_recompile pc=0x0000000002ee1ce8 method=java.lang.invoke.LambdaForm$MH/654845766.linkToTargetMethod(Ljava/lang/Object;Ljava/lang/Object;)Ljava/lang/Object; @ 1

Classes redefined (0 events):
No events

Internal exceptions (10 events):
Event: 5.662 Thread 0x0000000022505000 Exception <a 'java/lang/OutOfMemoryError'> (0x000000076fc79e18) thrown at [C:\ws\UTv\Corretto8Src\installers\windows\zip\corretto-build\buildRoot\src\hotspot\src\share\vm\prims\unsafe.cpp, line 636]
Event: 5.663 Thread 0x0000000022508800 Exception <a 'java/lang/OutOfMemoryError'> (0x000000076fbcdc00) thrown at [C:\ws\UTv\Corretto8Src\installers\windows\zip\corretto-build\buildRoot\src\hotspot\src\share\vm\prims\unsafe.cpp, line 636]
Event: 5.663 Thread 0x0000000022508000 Exception <a 'java/lang/OutOfMemoryError'> (0x000000076fc95778) thrown at [C:\ws\UTv\Corretto8Src\installers\windows\zip\corretto-build\buildRoot\src\hotspot\src\share\vm\prims\unsafe.cpp, line 636]
Event: 5.663 Thread 0x000000002250b800 Exception <a 'java/lang/OutOfMemoryError'> (0x000000076fbb65c0) thrown at [C:\ws\UTv\Corretto8Src\installers\windows\zip\corretto-build\buildRoot\src\hotspot\src\share\vm\prims\unsafe.cpp, line 636]
Event: 5.663 Thread 0x0000000022503800 Exception <a 'java/lang/OutOfMemoryError'> (0x000000076fb9cdd0) thrown at [C:\ws\UTv\Corretto8Src\installers\windows\zip\corretto-build\buildRoot\src\hotspot\src\share\vm\prims\unsafe.cpp, line 636]
Event: 5.663 Thread 0x0000000022507000 Exception <a 'java/lang/OutOfMemoryError'> (0x000000076fc44870) thrown at [C:\ws\UTv\Corretto8Src\installers\windows\zip\corretto-build\buildRoot\src\hotspot\src\share\vm\prims\unsafe.cpp, line 636]
Event: 5.663 Thread 0x000000002250b000 Exception <a 'java/lang/OutOfMemoryError'> (0x000000076fc250e8) thrown at [C:\ws\UTv\Corretto8Src\installers\windows\zip\corretto-build\buildRoot\src\hotspot\src\share\vm\prims\unsafe.cpp, line 636]
Event: 5.663 Thread 0x0000000022506800 Exception <a 'java/lang/OutOfMemoryError'> (0x000000076fb7fa18) thrown at [C:\ws\UTv\Corretto8Src\installers\windows\zip\corretto-build\buildRoot\src\hotspot\src\share\vm\prims\unsafe.cpp, line 636]
Event: 5.663 Thread 0x0000000022502800 Exception <a 'java/lang/OutOfMemoryError'> (0x000000076fc08ec0) thrown at [C:\ws\UTv\Corretto8Src\installers\windows\zip\corretto-build\buildRoot\src\hotspot\src\share\vm\prims\unsafe.cpp, line 636]
Event: 5.663 Thread 0x0000000022505800 Exception <a 'java/lang/OutOfMemoryError'> (0x000000076fd0ad48) thrown at [C:\ws\UTv\Corretto8Src\installers\windows\zip\corretto-build\buildRoot\src\hotspot\src\share\vm\prims\unsafe.cpp, line 636]

Events (10 events):
Event: 5.664 loading class java/util/ArrayDeque$DeqIterator
Event: 5.664 loading class java/util/ArrayDeque$DeqIterator done
Event: 5.664 Executing VM operation: RevokeBias
Event: 5.665 Executing VM operation: RevokeBias done
Event: 5.665 loading class org/apache/flink/util/IOUtils
Event: 5.665 loading class org/apache/flink/util/IOUtils done
Event: 5.665 loading class java/util/WeakHashMap$KeyIterator
Event: 5.665 loading class java/util/WeakHashMap$HashIterator
Event: 5.665 loading class java/util/WeakHashMap$HashIterator done
Event: 5.665 loading class java/util/WeakHashMap$KeyIterator done


Dynamic libraries:
0x00007ff62e3f0000 - 0x00007ff62e425000 	C:\Users\zmlxd\.jdks\corretto-1.8.0_252\bin\java.exe
0x00007ffce52a0000 - 0x00007ffce5490000 	C:\Windows\SYSTEM32\ntdll.dll
0x00007ffce4840000 - 0x00007ffce48f2000 	C:\Windows\System32\KERNEL32.DLL
0x00007ffce2250000 - 0x00007ffce24f4000 	C:\Windows\System32\KERNELBASE.dll
0x00007ffce4ed0000 - 0x00007ffce4f73000 	C:\Windows\System32\ADVAPI32.dll
0x00007ffce49a0000 - 0x00007ffce4a3e000 	C:\Windows\System32\msvcrt.dll
0x00007ffce3f50000 - 0x00007ffce3fe7000 	C:\Windows\System32\sechost.dll
0x00007ffce3520000 - 0x00007ffce3640000 	C:\Windows\System32\RPCRT4.dll
0x00007ffce36b0000 - 0x00007ffce3844000 	C:\Windows\System32\USER32.dll
0x00007ffce2500000 - 0x00007ffce2521000 	C:\Windows\System32\win32u.dll
0x00007ffce5050000 - 0x00007ffce5076000 	C:\Windows\System32\GDI32.dll
0x00007ffce2530000 - 0x00007ffce26c5000 	C:\Windows\System32\gdi32full.dll
0x00007ffce30b0000 - 0x00007ffce314e000 	C:\Windows\System32\msvcp_win.dll
0x00007ffce3220000 - 0x00007ffce331a000 	C:\Windows\System32\ucrtbase.dll
0x00007ffcd7cf0000 - 0x00007ffcd7f74000 	C:\Windows\WinSxS\amd64_microsoft.windows.common-controls_6595b64144ccf1df_6.0.18362.900_none_e6beb9d913147d17\COMCTL32.dll
0x00007ffce4a50000 - 0x00007ffce4d85000 	C:\Windows\System32\combase.dll
0x00007ffce31a0000 - 0x00007ffce3220000 	C:\Windows\System32\bcryptPrimitives.dll
0x00007ffce5100000 - 0x00007ffce512e000 	C:\Windows\System32\IMM32.DLL
0x0000000057160000 - 0x0000000057232000 	C:\Users\zmlxd\.jdks\corretto-1.8.0_252\jre\bin\msvcr100.dll
0x00000000554d0000 - 0x0000000055d21000 	C:\Users\zmlxd\.jdks\corretto-1.8.0_252\jre\bin\server\jvm.dll
0x00007ffce4a40000 - 0x00007ffce4a48000 	C:\Windows\System32\PSAPI.DLL
0x00007ffcda3f0000 - 0x00007ffcda3fa000 	C:\Windows\SYSTEM32\VERSION.dll
0x00007ffccef90000 - 0x00007ffccef99000 	C:\Windows\SYSTEM32\WSOCK32.dll
0x00007ffcdf8f0000 - 0x00007ffcdf914000 	C:\Windows\SYSTEM32\WINMM.dll
0x00007ffce51f0000 - 0x00007ffce525f000 	C:\Windows\System32\WS2_32.dll
0x00007ffcdf6e0000 - 0x00007ffcdf70d000 	C:\Windows\SYSTEM32\winmmbase.dll
0x00007ffce3150000 - 0x00007ffce319a000 	C:\Windows\System32\cfgmgr32.dll
0x00007ffcde8c0000 - 0x00007ffcde8cf000 	C:\Users\zmlxd\.jdks\corretto-1.8.0_252\jre\bin\verify.dll
0x00007ffcdb970000 - 0x00007ffcdb999000 	C:\Users\zmlxd\.jdks\corretto-1.8.0_252\jre\bin\java.dll
0x00007ffccbd40000 - 0x00007ffccbd63000 	C:\Users\zmlxd\.jdks\corretto-1.8.0_252\jre\bin\instrument.dll
0x00007ffcda1a0000 - 0x00007ffcda1b6000 	C:\Users\zmlxd\.jdks\corretto-1.8.0_252\jre\bin\zip.dll
0x00007ffce3ff0000 - 0x00007ffce46d6000 	C:\Windows\System32\SHELL32.dll
0x00007ffce3a30000 - 0x00007ffce3ad9000 	C:\Windows\System32\shcore.dll
0x00007ffce2930000 - 0x00007ffce30b0000 	C:\Windows\System32\windows.storage.dll
0x00007ffce21b0000 - 0x00007ffce21d3000 	C:\Windows\System32\profapi.dll
0x00007ffce21e0000 - 0x00007ffce222a000 	C:\Windows\System32\powrprof.dll
0x00007ffce2160000 - 0x00007ffce2170000 	C:\Windows\System32\UMPDC.dll
0x00007ffce5190000 - 0x00007ffce51e2000 	C:\Windows\System32\shlwapi.dll
0x00007ffce2170000 - 0x00007ffce2181000 	C:\Windows\System32\kernel.appcore.dll
0x00007ffce2230000 - 0x00007ffce2247000 	C:\Windows\System32\cryptsp.dll
0x00007ffccedf0000 - 0x00007ffccee0a000 	D:\Program Files\IntelliJ IDEA 2020.1.2\bin\breakgen64.dll
0x00007ffcd1e60000 - 0x00007ffcd1e7a000 	C:\Users\zmlxd\.jdks\corretto-1.8.0_252\jre\bin\net.dll
0x00007ffce19d0000 - 0x00007ffce1a37000 	C:\Windows\system32\mswsock.dll
0x00007ffccf020000 - 0x00007ffccf036000 	C:\Windows\system32\napinsp.dll
0x00007ffccefb0000 - 0x00007ffccefca000 	C:\Windows\system32\pnrpnsp.dll
0x00007ffce1720000 - 0x00007ffce17eb000 	C:\Windows\SYSTEM32\DNSAPI.dll
0x00007ffce4900000 - 0x00007ffce4908000 	C:\Windows\System32\NSI.dll
0x00007ffce16e0000 - 0x00007ffce171a000 	C:\Windows\SYSTEM32\IPHLPAPI.DLL
0x00007ffccefa0000 - 0x00007ffccefae000 	C:\Windows\System32\winrnr.dll
0x00007ffcde5f0000 - 0x00007ffcde60c000 	C:\Windows\system32\NLAapi.dll
0x00007ffccecc0000 - 0x00007ffccecd5000 	C:\Windows\system32\wshbth.dll
0x0000000056ab0000 - 0x0000000056ad6000 	C:\Program Files\Bonjour\mdnsNSP.dll
0x00007ffcda120000 - 0x00007ffcda12a000 	C:\Windows\System32\rasadhlp.dll
0x00007ffcd93b0000 - 0x00007ffcd9427000 	C:\Windows\System32\fwpuclnt.dll
0x00007ffce3320000 - 0x00007ffce3346000 	C:\Windows\System32\bcrypt.dll
0x00007ffccef20000 - 0x00007ffccef32000 	C:\Users\zmlxd\.jdks\corretto-1.8.0_252\jre\bin\nio.dll
0x00007ffce1540000 - 0x00007ffce1573000 	C:\Windows\system32\rsaenh.dll
0x00007ffce2050000 - 0x00007ffce2075000 	C:\Windows\SYSTEM32\USERENV.dll
0x00007ffce1ba0000 - 0x00007ffce1bac000 	C:\Windows\SYSTEM32\CRYPTBASE.dll
0x00007ffcda100000 - 0x00007ffcda116000 	C:\Windows\SYSTEM32\dhcpcsvc6.DLL
0x00007ffcda040000 - 0x00007ffcda05c000 	C:\Windows\SYSTEM32\dhcpcsvc.DLL
0x00007ffcdcc70000 - 0x00007ffcdcc7d000 	C:\Users\zmlxd\.jdks\corretto-1.8.0_252\jre\bin\management.dll

VM Arguments:
jvm_args: -javaagent:D:\Program Files\IntelliJ IDEA 2020.1.2\lib\idea_rt.jar=50888:D:\Program Files\IntelliJ IDEA 2020.1.2\bin -Dfile.encoding=UTF-8 
java_command: wc.WordCount
java_class_path (initial): C:\Users\zmlxd\.jdks\corretto-1.8.0_252\jre\lib\charsets.jar;C:\Users\zmlxd\.jdks\corretto-1.8.0_252\jre\lib\ext\access-bridge-64.jar;C:\Users\zmlxd\.jdks\corretto-1.8.0_252\jre\lib\ext\cldrdata.jar;C:\Users\zmlxd\.jdks\corretto-1.8.0_252\jre\lib\ext\dnsns.jar;C:\Users\zmlxd\.jdks\corretto-1.8.0_252\jre\lib\ext\jaccess.jar;C:\Users\zmlxd\.jdks\corretto-1.8.0_252\jre\lib\ext\jfxrt.jar;C:\Users\zmlxd\.jdks\corretto-1.8.0_252\jre\lib\ext\localedata.jar;C:\Users\zmlxd\.jdks\corretto-1.8.0_252\jre\lib\ext\nashorn.jar;C:\Users\zmlxd\.jdks\corretto-1.8.0_252\jre\lib\ext\sunec.jar;C:\Users\zmlxd\.jdks\corretto-1.8.0_252\jre\lib\ext\sunjce_provider.jar;C:\Users\zmlxd\.jdks\corretto-1.8.0_252\jre\lib\ext\sunmscapi.jar;C:\Users\zmlxd\.jdks\corretto-1.8.0_252\jre\lib\ext\sunpkcs11.jar;C:\Users\zmlxd\.jdks\corretto-1.8.0_252\jre\lib\ext\zipfs.jar;C:\Users\zmlxd\.jdks\corretto-1.8.0_252\jre\lib\jce.jar;C:\Users\zmlxd\.jdks\corretto-1.8.0_252\jre\lib\jfxswt.jar;C:\Users\zmlxd\.jdks\corretto-1.8.0_252\jre\lib\jsse.jar;C:\Users\zmlxd\.jdks\corretto-1.8.0_252\jre\lib\management-agent.jar;C:\Users\zmlxd\.jdks\corretto-1.8.0_252\jre\lib\resources.jar;C:\Users\zmlxd\.jdks\corretto-1.8.0_252\jre\lib\rt.jar;C:\Users\zmlxd\Desktop\xido\note\flink\code\target\classes;C:\Users\zmlxd\.m2\repository\org\apache\flink\flink-scala_2.12\1.10.1\flink-scala_2.12-1.10.1.jar;C:\Users\zmlxd\.m2\repository\org\apache\flink\flink-core\1.10.1\flink-core-1.10.1.jar;C:\Users\zmlxd\.m2\repository\org\apache\flink\flink-annotations\1.10.1\flink-annotations-1.10.1.jar;C:\Users\zmlxd\.m2\repository\org\apache\flink\flink-metrics-core\1.10.1\flink-metrics-core-1.10.1.jar;C:\Users\zmlxd\.m2\repository\org\apache\commons\commons-lang3\3.3.2\commons-lang3-3.3.2.jar;C:\Users\zmlxd\.m2\repository\com\esotericsoftware\kryo\kryo\2.24.0\kryo-2.24.0.jar;C:\Users\zmlxd\.m2\repository\com\esotericsoftware\minlog\minlog\1.2\minlog-1.2.jar;C:\Users\zmlxd\.m2\repository\org\objenesis\objenesis\2.1
Launcher Type: SUN_STANDARD

Environment Variables:
JAVA_HOME=C:\Users\zmlxd\.jdks\corretto-1.8.0_252\bin
PATH=D:\Program Files\xftp\;D:\Program Files\xshell\;C:\Windows\system32;C:\Windows;C:\Windows\System32\Wbem;C:\Windows\System32\WindowsPowerShell\v1.0\;C:\Windows\System32\OpenSSH\;C:\Program Files (x86)\NVIDIA Corporation\PhysX\Common;C:\Program Files\NVIDIA Corporation\NVIDIA NvDLISR;D:\Program Files\Git\cmd;C:\Program Files\python;C:\Program Files\python\Scripts;D:\BtSoft\panel\script;C:\Program Files\PowerShell\7-preview\preview;D:\Program Files\node\;C:\Users\zmlxd\.jdks\corretto-1.8.0_252\bin\java;C:\Users\zmlxd\.jdks\corretto-1.8.0_252\bin\javac;C:\Users\zmlxd\AppData\Local\Programs\Python\Python37\Scripts\;C:\Users\zmlxd\AppData\Local\Programs\Python\Python37\;D:\Program Files\ana;D:\Program Files\ana\Library\mingw-w64\bin;D:\Program Files\ana\Library\usr\bin;D:\Program Files\ana\Library\bin;D:\Program Files\ana\Scripts;C:\Users\zmlxd\AppData\Local\Microsoft\WindowsApps;D:\Program Files\Microsoft VS Code\bin;C:\Users\zmlxd\.deno\bin;C:\Users\zmlxd\AppData\Roaming\npm;D:\Program Files\PyCharm 2020.1.3\bin;;C:\Users\zmlxd\.jdks\corretto-1.8.0_252\bin;C:\Program Files\Bandizip\
USERNAME=zmlxd
OS=Windows_NT
PROCESSOR_IDENTIFIER=AMD64 Family 23 Model 96 Stepping 1, AuthenticAMD



---------------  S Y S T E M  ---------------

OS: Windows 10.0 , 64 bit Build 18362 (10.0.18362.900)

CPU:total 16 (initial active 16) (16 cores per cpu, 1 threads per core) family 23 model 96 stepping 1, cmov, cx8, fxsr, mmx, sse, sse2, sse3, ssse3, sse4.1, sse4.2, popcnt, avx, avx2, aes, clmul, mmxext, 3dnowpref, lzcnt, sse4a, tsc, tscinvbit, tscinv, bmi1

Memory: 4k page, physical 16119108k(3889812k free), swap 21239108k(2152k free)

vm_info: OpenJDK 64-Bit Server VM (25.252-b09) for windows-amd64 JRE (1.8.0_252-b09), built on Apr 17 2020 18:10:37 by "Administrator" with MS VC++ 10.0 (VS2010)

time: Sat Oct 10 00:34:06 2020
timezone: 中国标准时间
elapsed time: 5 seconds (0d 0h 0m 5s)

